{"C:\\Users\\vojte\\Documents\\škola\\frontendové systémy\\react-shopping-list\\backend\\main.js": {"path":"C:\\Users\\vojte\\Documents\\škola\\frontendové systémy\\react-shopping-list\\backend\\main.js","statementMap":{"0":{"start":{"line":1,"column":16},"end":{"line":1,"column":34}},"1":{"start":{"line":2,"column":15},"end":{"line":2,"column":32}},"2":{"start":{"line":3,"column":12},"end":{"line":3,"column":35}},"3":{"start":{"line":4,"column":15},"end":{"line":4,"column":32}},"4":{"start":{"line":5,"column":11},"end":{"line":5,"column":26}},"5":{"start":{"line":6,"column":18},"end":{"line":6,"column":47}},"6":{"start":{"line":7,"column":24},"end":{"line":7,"column":54}},"7":{"start":{"line":9,"column":13},"end":{"line":9,"column":43}},"8":{"start":{"line":10,"column":13},"end":{"line":10,"column":43}},"9":{"start":{"line":12,"column":10},"end":{"line":12,"column":19}},"10":{"start":{"line":13,"column":0},"end":{"line":13,"column":24}},"11":{"start":{"line":14,"column":0},"end":{"line":14,"column":48}},"12":{"start":{"line":16,"column":0},"end":{"line":16,"column":71}},"13":{"start":{"line":18,"column":0},"end":{"line":18,"column":16}},"14":{"start":{"line":20,"column":0},"end":{"line":20,"column":16}},"15":{"start":{"line":22,"column":0},"end":{"line":22,"column":19}},"16":{"start":{"line":23,"column":0},"end":{"line":23,"column":19}},"17":{"start":{"line":25,"column":0},"end":{"line":27,"column":3}},"18":{"start":{"line":26,"column":2},"end":{"line":26,"column":27}},"19":{"start":{"line":29,"column":17},"end":{"line":29,"column":26}},"20":{"start":{"line":30,"column":13},"end":{"line":30,"column":37}},"21":{"start":{"line":32,"column":0},"end":{"line":43,"column":1}},"22":{"start":{"line":34,"column":15},"end":{"line":39,"column":4}},"23":{"start":{"line":35,"column":15},"end":{"line":35,"column":39}},"24":{"start":{"line":36,"column":15},"end":{"line":36,"column":36}},"25":{"start":{"line":38,"column":4},"end":{"line":38,"column":61}},"26":{"start":{"line":42,"column":2},"end":{"line":42,"column":23}}},"fnMap":{"0":{"name":"(anonymous_0)","decl":{"start":{"line":25,"column":13},"end":{"line":25,"column":14}},"loc":{"start":{"line":25,"column":27},"end":{"line":27,"column":1}},"line":25},"1":{"name":"(anonymous_1)","decl":{"start":{"line":34,"column":42},"end":{"line":34,"column":43}},"loc":{"start":{"line":34,"column":54},"end":{"line":39,"column":3}},"line":34}},"branchMap":{"0":{"loc":{"start":{"line":30,"column":13},"end":{"line":30,"column":37}},"type":"binary-expr","locations":[{"start":{"line":30,"column":13},"end":{"line":30,"column":29}},{"start":{"line":30,"column":33},"end":{"line":30,"column":37}}],"line":30},"1":{"loc":{"start":{"line":32,"column":0},"end":{"line":43,"column":1}},"type":"if","locations":[{"start":{"line":32,"column":0},"end":{"line":43,"column":1}},{"start":{"line":40,"column":7},"end":{"line":43,"column":1}}],"line":32}},"s":{"0":3,"1":3,"2":3,"3":3,"4":3,"5":3,"6":3,"7":3,"8":3,"9":3,"10":3,"11":3,"12":3,"13":3,"14":3,"15":3,"16":3,"17":3,"18":1,"19":3,"20":3,"21":3,"22":0,"23":0,"24":0,"25":0,"26":3},"f":{"0":1,"1":0},"b":{"0":[3,0],"1":[0,3]},"_coverageSchema":"1a1c01bbd47fc00a2c39e90264f33305004495a9","hash":"9eb49e1521fc5ba22af85572499a8054d892ec53"}
,"C:\\Users\\vojte\\Documents\\škola\\frontendové systémy\\react-shopping-list\\backend\\db\\lists.js": {"path":"C:\\Users\\vojte\\Documents\\škola\\frontendové systémy\\react-shopping-list\\backend\\db\\lists.js","statementMap":{"0":{"start":{"line":1,"column":34},"end":{"line":1,"column":52}},"1":{"start":{"line":2,"column":15},"end":{"line":2,"column":32}},"2":{"start":{"line":4,"column":0},"end":{"line":4,"column":16}},"3":{"start":{"line":6,"column":17},"end":{"line":6,"column":38}},"4":{"start":{"line":7,"column":20},"end":{"line":7,"column":40}},"5":{"start":{"line":8,"column":28},"end":{"line":8,"column":62}},"6":{"start":{"line":10,"column":15},"end":{"line":10,"column":40}},"7":{"start":{"line":12,"column":11},"end":{"line":12,"column":33}},"8":{"start":{"line":13,"column":19},"end":{"line":13,"column":53}},"9":{"start":{"line":16,"column":2},"end":{"line":26,"column":3}},"10":{"start":{"line":17,"column":4},"end":{"line":17,"column":27}},"11":{"start":{"line":18,"column":19},"end":{"line":20,"column":16}},"12":{"start":{"line":21,"column":4},"end":{"line":21,"column":18}},"13":{"start":{"line":23,"column":4},"end":{"line":23,"column":21}},"14":{"start":{"line":25,"column":4},"end":{"line":25,"column":25}},"15":{"start":{"line":30,"column":2},"end":{"line":40,"column":3}},"16":{"start":{"line":31,"column":4},"end":{"line":31,"column":27}},"17":{"start":{"line":32,"column":19},"end":{"line":34,"column":16}},"18":{"start":{"line":35,"column":4},"end":{"line":35,"column":18}},"19":{"start":{"line":37,"column":4},"end":{"line":37,"column":21}},"20":{"start":{"line":39,"column":4},"end":{"line":39,"column":25}},"21":{"start":{"line":44,"column":2},"end":{"line":54,"column":3}},"22":{"start":{"line":45,"column":4},"end":{"line":45,"column":27}},"23":{"start":{"line":46,"column":19},"end":{"line":48,"column":16}},"24":{"start":{"line":49,"column":4},"end":{"line":49,"column":18}},"25":{"start":{"line":51,"column":4},"end":{"line":51,"column":21}},"26":{"start":{"line":53,"column":4},"end":{"line":53,"column":25}},"27":{"start":{"line":58,"column":2},"end":{"line":66,"column":3}},"28":{"start":{"line":59,"column":4},"end":{"line":59,"column":27}},"29":{"start":{"line":60,"column":19},"end":{"line":60,"column":74}},"30":{"start":{"line":61,"column":4},"end":{"line":61,"column":18}},"31":{"start":{"line":63,"column":4},"end":{"line":63,"column":21}},"32":{"start":{"line":65,"column":4},"end":{"line":65,"column":25}},"33":{"start":{"line":70,"column":2},"end":{"line":78,"column":3}},"34":{"start":{"line":71,"column":4},"end":{"line":71,"column":27}},"35":{"start":{"line":72,"column":19},"end":{"line":72,"column":76}},"36":{"start":{"line":73,"column":4},"end":{"line":73,"column":18}},"37":{"start":{"line":75,"column":4},"end":{"line":75,"column":21}},"38":{"start":{"line":77,"column":4},"end":{"line":77,"column":25}},"39":{"start":{"line":82,"column":2},"end":{"line":93,"column":3}},"40":{"start":{"line":83,"column":4},"end":{"line":83,"column":27}},"41":{"start":{"line":84,"column":19},"end":{"line":87,"column":5}},"42":{"start":{"line":88,"column":4},"end":{"line":88,"column":18}},"43":{"start":{"line":90,"column":4},"end":{"line":90,"column":21}},"44":{"start":{"line":92,"column":4},"end":{"line":92,"column":25}},"45":{"start":{"line":97,"column":2},"end":{"line":105,"column":3}},"46":{"start":{"line":98,"column":4},"end":{"line":98,"column":27}},"47":{"start":{"line":99,"column":19},"end":{"line":99,"column":51}},"48":{"start":{"line":100,"column":4},"end":{"line":100,"column":18}},"49":{"start":{"line":102,"column":4},"end":{"line":102,"column":21}},"50":{"start":{"line":104,"column":4},"end":{"line":104,"column":25}},"51":{"start":{"line":108,"column":0},"end":{"line":116,"column":2}}},"fnMap":{"0":{"name":"getActiveLists","decl":{"start":{"line":15,"column":15},"end":{"line":15,"column":29}},"loc":{"start":{"line":15,"column":38},"end":{"line":27,"column":1}},"line":15},"1":{"name":"getArchivedLists","decl":{"start":{"line":29,"column":15},"end":{"line":29,"column":31}},"loc":{"start":{"line":29,"column":40},"end":{"line":41,"column":1}},"line":29},"2":{"name":"getSharedLists","decl":{"start":{"line":43,"column":15},"end":{"line":43,"column":29}},"loc":{"start":{"line":43,"column":38},"end":{"line":55,"column":1}},"line":43},"3":{"name":"getList","decl":{"start":{"line":57,"column":15},"end":{"line":57,"column":22}},"loc":{"start":{"line":57,"column":31},"end":{"line":67,"column":1}},"line":57},"4":{"name":"deleteList","decl":{"start":{"line":69,"column":15},"end":{"line":69,"column":25}},"loc":{"start":{"line":69,"column":34},"end":{"line":79,"column":1}},"line":69},"5":{"name":"updateList","decl":{"start":{"line":81,"column":15},"end":{"line":81,"column":25}},"loc":{"start":{"line":81,"column":47},"end":{"line":94,"column":1}},"line":81},"6":{"name":"createList","decl":{"start":{"line":96,"column":15},"end":{"line":96,"column":25}},"loc":{"start":{"line":96,"column":32},"end":{"line":106,"column":1}},"line":96}},"branchMap":{},"s":{"0":3,"1":3,"2":3,"3":3,"4":3,"5":3,"6":3,"7":3,"8":3,"9":2,"10":2,"11":2,"12":2,"13":0,"14":2,"15":2,"16":2,"17":2,"18":2,"19":0,"20":2,"21":2,"22":2,"23":2,"24":2,"25":0,"26":2,"27":9,"28":9,"29":9,"30":6,"31":3,"32":9,"33":1,"34":1,"35":1,"36":1,"37":0,"38":1,"39":1,"40":1,"41":1,"42":1,"43":0,"44":1,"45":8,"46":8,"47":8,"48":8,"49":0,"50":8,"51":3},"f":{"0":2,"1":2,"2":2,"3":9,"4":1,"5":1,"6":8},"b":{},"_coverageSchema":"1a1c01bbd47fc00a2c39e90264f33305004495a9","hash":"6c48fae8cab2e2f895f94168bb6dd4049be12895"}
,"C:\\Users\\vojte\\Documents\\škola\\frontendové systémy\\react-shopping-list\\backend\\db\\users.js": {"path":"C:\\Users\\vojte\\Documents\\škola\\frontendové systémy\\react-shopping-list\\backend\\db\\users.js","statementMap":{"0":{"start":{"line":1,"column":34},"end":{"line":1,"column":52}},"1":{"start":{"line":2,"column":15},"end":{"line":2,"column":32}},"2":{"start":{"line":3,"column":0},"end":{"line":3,"column":16}},"3":{"start":{"line":5,"column":17},"end":{"line":5,"column":38}},"4":{"start":{"line":6,"column":20},"end":{"line":6,"column":40}},"5":{"start":{"line":7,"column":28},"end":{"line":7,"column":62}},"6":{"start":{"line":9,"column":15},"end":{"line":9,"column":40}},"7":{"start":{"line":11,"column":11},"end":{"line":11,"column":33}},"8":{"start":{"line":12,"column":19},"end":{"line":12,"column":53}},"9":{"start":{"line":15,"column":2},"end":{"line":23,"column":3}},"10":{"start":{"line":16,"column":4},"end":{"line":16,"column":27}},"11":{"start":{"line":17,"column":19},"end":{"line":17,"column":61}},"12":{"start":{"line":18,"column":4},"end":{"line":18,"column":18}},"13":{"start":{"line":20,"column":4},"end":{"line":20,"column":21}},"14":{"start":{"line":22,"column":4},"end":{"line":22,"column":25}},"15":{"start":{"line":27,"column":2},"end":{"line":35,"column":3}},"16":{"start":{"line":28,"column":4},"end":{"line":28,"column":27}},"17":{"start":{"line":29,"column":19},"end":{"line":29,"column":51}},"18":{"start":{"line":30,"column":4},"end":{"line":30,"column":18}},"19":{"start":{"line":32,"column":4},"end":{"line":32,"column":21}},"20":{"start":{"line":34,"column":4},"end":{"line":34,"column":25}},"21":{"start":{"line":38,"column":0},"end":{"line":38,"column":48}}},"fnMap":{"0":{"name":"getUserByEmail","decl":{"start":{"line":14,"column":15},"end":{"line":14,"column":29}},"loc":{"start":{"line":14,"column":37},"end":{"line":24,"column":1}},"line":14},"1":{"name":"createUser","decl":{"start":{"line":26,"column":15},"end":{"line":26,"column":25}},"loc":{"start":{"line":26,"column":32},"end":{"line":36,"column":1}},"line":26}},"branchMap":{},"s":{"0":3,"1":3,"2":3,"3":3,"4":3,"5":3,"6":3,"7":3,"8":3,"9":17,"10":17,"11":17,"12":17,"13":0,"14":17,"15":13,"16":13,"17":13,"18":13,"19":0,"20":13,"21":3},"f":{"0":17,"1":13},"b":{},"_coverageSchema":"1a1c01bbd47fc00a2c39e90264f33305004495a9","hash":"b8d1bf6de94c2495bf77b0c7d3606170564107a3"}
,"C:\\Users\\vojte\\Documents\\škola\\frontendové systémy\\react-shopping-list\\backend\\endpoints\\auth.js": {"path":"C:\\Users\\vojte\\Documents\\škola\\frontendové systémy\\react-shopping-list\\backend\\endpoints\\auth.js","statementMap":{"0":{"start":{"line":1,"column":16},"end":{"line":1,"column":34}},"1":{"start":{"line":2,"column":12},"end":{"line":2,"column":35}},"2":{"start":{"line":3,"column":15},"end":{"line":3,"column":31}},"3":{"start":{"line":4,"column":42},"end":{"line":4,"column":70}},"4":{"start":{"line":8,"column":4},"end":{"line":8,"column":49}},"5":{"start":{"line":10,"column":13},"end":{"line":10,"column":46}},"6":{"start":{"line":11,"column":15},"end":{"line":11,"column":32}},"7":{"start":{"line":12,"column":19},"end":{"line":12,"column":21}},"8":{"start":{"line":13,"column":39},"end":{"line":13,"column":64}},"9":{"start":{"line":15,"column":15},"end":{"line":15,"column":32}},"10":{"start":{"line":16,"column":0},"end":{"line":16,"column":16}},"11":{"start":{"line":18,"column":21},"end":{"line":18,"column":59}},"12":{"start":{"line":19,"column":22},"end":{"line":19,"column":58}},"13":{"start":{"line":22,"column":42},"end":{"line":22,"column":45}},"14":{"start":{"line":24,"column":2},"end":{"line":24,"column":14}},"15":{"start":{"line":27,"column":0},"end":{"line":29,"column":3}},"16":{"start":{"line":28,"column":2},"end":{"line":28,"column":33}},"17":{"start":{"line":31,"column":0},"end":{"line":62,"column":3}},"18":{"start":{"line":32,"column":17},"end":{"line":32,"column":38}},"19":{"start":{"line":33,"column":2},"end":{"line":61,"column":3}},"20":{"start":{"line":34,"column":15},"end":{"line":34,"column":31}},"21":{"start":{"line":36,"column":4},"end":{"line":58,"column":7}},"22":{"start":{"line":37,"column":6},"end":{"line":57,"column":7}},"23":{"start":{"line":39,"column":8},"end":{"line":54,"column":11}},"24":{"start":{"line":40,"column":10},"end":{"line":50,"column":11}},"25":{"start":{"line":42,"column":12},"end":{"line":42,"column":53}},"26":{"start":{"line":43,"column":12},"end":{"line":47,"column":14}},"27":{"start":{"line":48,"column":12},"end":{"line":48,"column":41}},"28":{"start":{"line":49,"column":12},"end":{"line":49,"column":46}},"29":{"start":{"line":51,"column":10},"end":{"line":53,"column":61}},"30":{"start":{"line":56,"column":8},"end":{"line":56,"column":79}},"31":{"start":{"line":60,"column":4},"end":{"line":60,"column":53}},"32":{"start":{"line":66,"column":0},"end":{"line":111,"column":3}},"33":{"start":{"line":67,"column":17},"end":{"line":67,"column":38}},"34":{"start":{"line":68,"column":2},"end":{"line":110,"column":3}},"35":{"start":{"line":69,"column":15},"end":{"line":69,"column":31}},"36":{"start":{"line":71,"column":4},"end":{"line":107,"column":7}},"37":{"start":{"line":72,"column":6},"end":{"line":106,"column":7}},"38":{"start":{"line":73,"column":8},"end":{"line":75,"column":69}},"39":{"start":{"line":78,"column":8},"end":{"line":105,"column":11}},"40":{"start":{"line":81,"column":10},"end":{"line":86,"column":15}},"41":{"start":{"line":87,"column":10},"end":{"line":87,"column":34}},"42":{"start":{"line":88,"column":10},"end":{"line":88,"column":42}},"43":{"start":{"line":91,"column":10},"end":{"line":104,"column":13}},"44":{"start":{"line":93,"column":12},"end":{"line":101,"column":14}},"45":{"start":{"line":102,"column":12},"end":{"line":102,"column":41}},"46":{"start":{"line":103,"column":12},"end":{"line":103,"column":75}},"47":{"start":{"line":109,"column":4},"end":{"line":109,"column":53}},"48":{"start":{"line":113,"column":0},"end":{"line":113,"column":24}}},"fnMap":{"0":{"name":"withoutProperty","decl":{"start":{"line":21,"column":9},"end":{"line":21,"column":24}},"loc":{"start":{"line":21,"column":40},"end":{"line":25,"column":1}},"line":21},"1":{"name":"(anonymous_1)","decl":{"start":{"line":27,"column":26},"end":{"line":27,"column":27}},"loc":{"start":{"line":27,"column":40},"end":{"line":29,"column":1}},"line":27},"2":{"name":"(anonymous_2)","decl":{"start":{"line":31,"column":38},"end":{"line":31,"column":39}},"loc":{"start":{"line":31,"column":52},"end":{"line":62,"column":1}},"line":31},"3":{"name":"(anonymous_3)","decl":{"start":{"line":36,"column":36},"end":{"line":36,"column":37}},"loc":{"start":{"line":36,"column":46},"end":{"line":58,"column":5}},"line":36},"4":{"name":"(anonymous_4)","decl":{"start":{"line":39,"column":53},"end":{"line":39,"column":54}},"loc":{"start":{"line":39,"column":76},"end":{"line":54,"column":9}},"line":39},"5":{"name":"(anonymous_5)","decl":{"start":{"line":66,"column":44},"end":{"line":66,"column":45}},"loc":{"start":{"line":66,"column":58},"end":{"line":111,"column":1}},"line":66},"6":{"name":"(anonymous_6)","decl":{"start":{"line":71,"column":36},"end":{"line":71,"column":37}},"loc":{"start":{"line":71,"column":46},"end":{"line":107,"column":5}},"line":71},"7":{"name":"(anonymous_7)","decl":{"start":{"line":78,"column":47},"end":{"line":78,"column":48}},"loc":{"start":{"line":78,"column":68},"end":{"line":105,"column":9}},"line":78},"8":{"name":"(anonymous_8)","decl":{"start":{"line":91,"column":32},"end":{"line":91,"column":33}},"loc":{"start":{"line":91,"column":44},"end":{"line":104,"column":11}},"line":91}},"branchMap":{"0":{"loc":{"start":{"line":18,"column":21},"end":{"line":18,"column":59}},"type":"binary-expr","locations":[{"start":{"line":18,"column":21},"end":{"line":18,"column":47}},{"start":{"line":18,"column":51},"end":{"line":18,"column":59}}],"line":18},"1":{"loc":{"start":{"line":19,"column":22},"end":{"line":19,"column":58}},"type":"binary-expr","locations":[{"start":{"line":19,"column":22},"end":{"line":19,"column":49}},{"start":{"line":19,"column":53},"end":{"line":19,"column":58}}],"line":19},"2":{"loc":{"start":{"line":33,"column":2},"end":{"line":61,"column":3}},"type":"if","locations":[{"start":{"line":33,"column":2},"end":{"line":61,"column":3}},{"start":{"line":59,"column":9},"end":{"line":61,"column":3}}],"line":33},"3":{"loc":{"start":{"line":37,"column":6},"end":{"line":57,"column":7}},"type":"if","locations":[{"start":{"line":37,"column":6},"end":{"line":57,"column":7}},{"start":{"line":55,"column":13},"end":{"line":57,"column":7}}],"line":37},"4":{"loc":{"start":{"line":40,"column":10},"end":{"line":50,"column":11}},"type":"if","locations":[{"start":{"line":40,"column":10},"end":{"line":50,"column":11}},{"start":{},"end":{}}],"line":40},"5":{"loc":{"start":{"line":68,"column":2},"end":{"line":110,"column":3}},"type":"if","locations":[{"start":{"line":68,"column":2},"end":{"line":110,"column":3}},{"start":{"line":108,"column":9},"end":{"line":110,"column":3}}],"line":68},"6":{"loc":{"start":{"line":72,"column":6},"end":{"line":106,"column":7}},"type":"if","locations":[{"start":{"line":72,"column":6},"end":{"line":106,"column":7}},{"start":{"line":76,"column":13},"end":{"line":106,"column":7}}],"line":72}},"s":{"0":3,"1":3,"2":3,"3":3,"4":3,"5":3,"6":3,"7":3,"8":3,"9":3,"10":3,"11":3,"12":3,"13":14,"14":14,"15":3,"16":1,"17":3,"18":6,"19":6,"20":3,"21":3,"22":3,"23":2,"24":2,"25":1,"26":1,"27":1,"28":1,"29":1,"30":1,"31":3,"32":3,"33":20,"34":20,"35":14,"36":14,"37":14,"38":1,"39":13,"40":13,"41":13,"42":13,"43":13,"44":13,"45":13,"46":13,"47":6,"48":3},"f":{"0":14,"1":1,"2":6,"3":3,"4":2,"5":20,"6":14,"7":13,"8":13},"b":{"0":[3,0],"1":[3,0],"2":[3,3],"3":[2,1],"4":[1,1],"5":[14,6],"6":[1,13]},"_coverageSchema":"1a1c01bbd47fc00a2c39e90264f33305004495a9","hash":"1ea3a1bbfb7d4fbadc6a9679f3075306e57db8ef"}
,"C:\\Users\\vojte\\Documents\\škola\\frontendové systémy\\react-shopping-list\\backend\\endpoints\\list.js": {"path":"C:\\Users\\vojte\\Documents\\škola\\frontendové systémy\\react-shopping-list\\backend\\endpoints\\list.js","statementMap":{"0":{"start":{"line":1,"column":16},"end":{"line":1,"column":34}},"1":{"start":{"line":2,"column":21},"end":{"line":2,"column":39}},"2":{"start":{"line":3,"column":15},"end":{"line":3,"column":31}},"3":{"start":{"line":4,"column":42},"end":{"line":4,"column":70}},"4":{"start":{"line":9,"column":4},"end":{"line":9,"column":50}},"5":{"start":{"line":19,"column":4},"end":{"line":19,"column":29}},"6":{"start":{"line":21,"column":13},"end":{"line":21,"column":46}},"7":{"start":{"line":23,"column":0},"end":{"line":36,"column":3}},"8":{"start":{"line":24,"column":2},"end":{"line":35,"column":5}},"9":{"start":{"line":25,"column":4},"end":{"line":34,"column":7}},"10":{"start":{"line":26,"column":6},"end":{"line":33,"column":9}},"11":{"start":{"line":27,"column":20},"end":{"line":31,"column":9}},"12":{"start":{"line":32,"column":8},"end":{"line":32,"column":43}},"13":{"start":{"line":38,"column":0},"end":{"line":60,"column":3}},"14":{"start":{"line":39,"column":16},"end":{"line":39,"column":29}},"15":{"start":{"line":42,"column":2},"end":{"line":59,"column":5}},"16":{"start":{"line":43,"column":4},"end":{"line":45,"column":5}},"17":{"start":{"line":44,"column":6},"end":{"line":44,"column":66}},"18":{"start":{"line":47,"column":4},"end":{"line":58,"column":5}},"19":{"start":{"line":48,"column":6},"end":{"line":55,"column":7}},"20":{"start":{"line":49,"column":43},"end":{"line":49,"column":67}},"21":{"start":{"line":52,"column":8},"end":{"line":52,"column":63}},"22":{"start":{"line":54,"column":8},"end":{"line":54,"column":42}},"23":{"start":{"line":57,"column":6},"end":{"line":57,"column":40}},"24":{"start":{"line":62,"column":0},"end":{"line":91,"column":3}},"25":{"start":{"line":63,"column":17},"end":{"line":63,"column":38}},"26":{"start":{"line":64,"column":2},"end":{"line":90,"column":3}},"27":{"start":{"line":65,"column":15},"end":{"line":65,"column":31}},"28":{"start":{"line":67,"column":19},"end":{"line":79,"column":5}},"29":{"start":{"line":81,"column":4},"end":{"line":87,"column":7}},"30":{"start":{"line":82,"column":6},"end":{"line":86,"column":7}},"31":{"start":{"line":83,"column":8},"end":{"line":83,"column":46}},"32":{"start":{"line":85,"column":8},"end":{"line":85,"column":75}},"33":{"start":{"line":89,"column":4},"end":{"line":89,"column":53}},"34":{"start":{"line":93,"column":0},"end":{"line":115,"column":3}},"35":{"start":{"line":94,"column":16},"end":{"line":94,"column":29}},"36":{"start":{"line":97,"column":2},"end":{"line":114,"column":5}},"37":{"start":{"line":98,"column":4},"end":{"line":100,"column":5}},"38":{"start":{"line":99,"column":6},"end":{"line":99,"column":66}},"39":{"start":{"line":103,"column":4},"end":{"line":105,"column":5}},"40":{"start":{"line":104,"column":6},"end":{"line":104,"column":61}},"41":{"start":{"line":107,"column":4},"end":{"line":113,"column":7}},"42":{"start":{"line":108,"column":6},"end":{"line":112,"column":7}},"43":{"start":{"line":109,"column":8},"end":{"line":109,"column":75}},"44":{"start":{"line":111,"column":8},"end":{"line":111,"column":75}},"45":{"start":{"line":117,"column":0},"end":{"line":166,"column":3}},"46":{"start":{"line":118,"column":17},"end":{"line":118,"column":38}},"47":{"start":{"line":119,"column":2},"end":{"line":165,"column":3}},"48":{"start":{"line":120,"column":15},"end":{"line":120,"column":31}},"49":{"start":{"line":122,"column":18},"end":{"line":122,"column":31}},"50":{"start":{"line":124,"column":4},"end":{"line":162,"column":7}},"51":{"start":{"line":125,"column":6},"end":{"line":127,"column":7}},"52":{"start":{"line":126,"column":8},"end":{"line":126,"column":68}},"53":{"start":{"line":129,"column":6},"end":{"line":136,"column":7}},"54":{"start":{"line":130,"column":8},"end":{"line":135,"column":9}},"55":{"start":{"line":131,"column":45},"end":{"line":131,"column":69}},"56":{"start":{"line":134,"column":10},"end":{"line":134,"column":65}},"57":{"start":{"line":137,"column":23},"end":{"line":137,"column":35}},"58":{"start":{"line":139,"column":6},"end":{"line":139,"column":74}},"59":{"start":{"line":140,"column":6},"end":{"line":142,"column":15}},"60":{"start":{"line":143,"column":6},"end":{"line":145,"column":15}},"61":{"start":{"line":146,"column":6},"end":{"line":148,"column":15}},"62":{"start":{"line":149,"column":6},"end":{"line":149,"column":37}},"63":{"start":{"line":150,"column":6},"end":{"line":150,"column":57}},"64":{"start":{"line":151,"column":6},"end":{"line":151,"column":35}},"65":{"start":{"line":153,"column":6},"end":{"line":161,"column":9}},"66":{"start":{"line":154,"column":8},"end":{"line":160,"column":9}},"67":{"start":{"line":155,"column":10},"end":{"line":157,"column":13}},"68":{"start":{"line":156,"column":12},"end":{"line":156,"column":46}},"69":{"start":{"line":159,"column":10},"end":{"line":159,"column":77}},"70":{"start":{"line":164,"column":4},"end":{"line":164,"column":53}},"71":{"start":{"line":168,"column":0},"end":{"line":168,"column":24}}},"fnMap":{"0":{"name":"(anonymous_0)","decl":{"start":{"line":23,"column":27},"end":{"line":23,"column":28}},"loc":{"start":{"line":23,"column":41},"end":{"line":36,"column":1}},"line":23},"1":{"name":"(anonymous_1)","decl":{"start":{"line":24,"column":36},"end":{"line":24,"column":37}},"loc":{"start":{"line":24,"column":54},"end":{"line":35,"column":3}},"line":24},"2":{"name":"(anonymous_2)","decl":{"start":{"line":25,"column":40},"end":{"line":25,"column":41}},"loc":{"start":{"line":25,"column":60},"end":{"line":34,"column":5}},"line":25},"3":{"name":"(anonymous_3)","decl":{"start":{"line":26,"column":40},"end":{"line":26,"column":41}},"loc":{"start":{"line":26,"column":58},"end":{"line":33,"column":7}},"line":26},"4":{"name":"(anonymous_4)","decl":{"start":{"line":38,"column":30},"end":{"line":38,"column":31}},"loc":{"start":{"line":38,"column":44},"end":{"line":60,"column":1}},"line":38},"5":{"name":"(anonymous_5)","decl":{"start":{"line":42,"column":24},"end":{"line":42,"column":25}},"loc":{"start":{"line":42,"column":34},"end":{"line":59,"column":3}},"line":42},"6":{"name":"(anonymous_6)","decl":{"start":{"line":49,"column":33},"end":{"line":49,"column":34}},"loc":{"start":{"line":49,"column":43},"end":{"line":49,"column":67}},"line":49},"7":{"name":"(anonymous_7)","decl":{"start":{"line":62,"column":55},"end":{"line":62,"column":56}},"loc":{"start":{"line":62,"column":69},"end":{"line":91,"column":1}},"line":62},"8":{"name":"(anonymous_8)","decl":{"start":{"line":81,"column":30},"end":{"line":81,"column":31}},"loc":{"start":{"line":81,"column":42},"end":{"line":87,"column":5}},"line":81},"9":{"name":"(anonymous_9)","decl":{"start":{"line":93,"column":33},"end":{"line":93,"column":34}},"loc":{"start":{"line":93,"column":47},"end":{"line":115,"column":1}},"line":93},"10":{"name":"(anonymous_10)","decl":{"start":{"line":97,"column":24},"end":{"line":97,"column":25}},"loc":{"start":{"line":97,"column":34},"end":{"line":114,"column":3}},"line":97},"11":{"name":"(anonymous_11)","decl":{"start":{"line":107,"column":29},"end":{"line":107,"column":30}},"loc":{"start":{"line":107,"column":41},"end":{"line":113,"column":5}},"line":107},"12":{"name":"(anonymous_12)","decl":{"start":{"line":117,"column":51},"end":{"line":117,"column":52}},"loc":{"start":{"line":117,"column":65},"end":{"line":166,"column":1}},"line":117},"13":{"name":"(anonymous_13)","decl":{"start":{"line":124,"column":26},"end":{"line":124,"column":27}},"loc":{"start":{"line":124,"column":36},"end":{"line":162,"column":5}},"line":124},"14":{"name":"(anonymous_14)","decl":{"start":{"line":131,"column":35},"end":{"line":131,"column":36}},"loc":{"start":{"line":131,"column":45},"end":{"line":131,"column":69}},"line":131},"15":{"name":"(anonymous_15)","decl":{"start":{"line":153,"column":43},"end":{"line":153,"column":44}},"loc":{"start":{"line":153,"column":55},"end":{"line":161,"column":7}},"line":153},"16":{"name":"(anonymous_16)","decl":{"start":{"line":155,"column":32},"end":{"line":155,"column":33}},"loc":{"start":{"line":155,"column":42},"end":{"line":157,"column":11}},"line":155}},"branchMap":{"0":{"loc":{"start":{"line":43,"column":4},"end":{"line":45,"column":5}},"type":"if","locations":[{"start":{"line":43,"column":4},"end":{"line":45,"column":5}},{"start":{},"end":{}}],"line":43},"1":{"loc":{"start":{"line":47,"column":4},"end":{"line":58,"column":5}},"type":"if","locations":[{"start":{"line":47,"column":4},"end":{"line":58,"column":5}},{"start":{"line":56,"column":11},"end":{"line":58,"column":5}}],"line":47},"2":{"loc":{"start":{"line":48,"column":6},"end":{"line":55,"column":7}},"type":"if","locations":[{"start":{"line":48,"column":6},"end":{"line":55,"column":7}},{"start":{"line":53,"column":13},"end":{"line":55,"column":7}}],"line":48},"3":{"loc":{"start":{"line":64,"column":2},"end":{"line":90,"column":3}},"type":"if","locations":[{"start":{"line":64,"column":2},"end":{"line":90,"column":3}},{"start":{"line":88,"column":9},"end":{"line":90,"column":3}}],"line":64},"4":{"loc":{"start":{"line":76,"column":16},"end":{"line":76,"column":38}},"type":"binary-expr","locations":[{"start":{"line":76,"column":16},"end":{"line":76,"column":29}},{"start":{"line":76,"column":33},"end":{"line":76,"column":38}}],"line":76},"5":{"loc":{"start":{"line":77,"column":20},"end":{"line":77,"column":43}},"type":"binary-expr","locations":[{"start":{"line":77,"column":20},"end":{"line":77,"column":37}},{"start":{"line":77,"column":41},"end":{"line":77,"column":43}}],"line":77},"6":{"loc":{"start":{"line":78,"column":17},"end":{"line":78,"column":37}},"type":"binary-expr","locations":[{"start":{"line":78,"column":17},"end":{"line":78,"column":31}},{"start":{"line":78,"column":35},"end":{"line":78,"column":37}}],"line":78},"7":{"loc":{"start":{"line":82,"column":6},"end":{"line":86,"column":7}},"type":"if","locations":[{"start":{"line":82,"column":6},"end":{"line":86,"column":7}},{"start":{"line":84,"column":13},"end":{"line":86,"column":7}}],"line":82},"8":{"loc":{"start":{"line":98,"column":4},"end":{"line":100,"column":5}},"type":"if","locations":[{"start":{"line":98,"column":4},"end":{"line":100,"column":5}},{"start":{},"end":{}}],"line":98},"9":{"loc":{"start":{"line":103,"column":4},"end":{"line":105,"column":5}},"type":"if","locations":[{"start":{"line":103,"column":4},"end":{"line":105,"column":5}},{"start":{},"end":{}}],"line":103},"10":{"loc":{"start":{"line":108,"column":6},"end":{"line":112,"column":7}},"type":"if","locations":[{"start":{"line":108,"column":6},"end":{"line":112,"column":7}},{"start":{"line":110,"column":13},"end":{"line":112,"column":7}}],"line":108},"11":{"loc":{"start":{"line":119,"column":2},"end":{"line":165,"column":3}},"type":"if","locations":[{"start":{"line":119,"column":2},"end":{"line":165,"column":3}},{"start":{"line":163,"column":9},"end":{"line":165,"column":3}}],"line":119},"12":{"loc":{"start":{"line":125,"column":6},"end":{"line":127,"column":7}},"type":"if","locations":[{"start":{"line":125,"column":6},"end":{"line":127,"column":7}},{"start":{},"end":{}}],"line":125},"13":{"loc":{"start":{"line":129,"column":6},"end":{"line":136,"column":7}},"type":"if","locations":[{"start":{"line":129,"column":6},"end":{"line":136,"column":7}},{"start":{},"end":{}}],"line":129},"14":{"loc":{"start":{"line":130,"column":8},"end":{"line":135,"column":9}},"type":"if","locations":[{"start":{"line":130,"column":8},"end":{"line":135,"column":9}},{"start":{},"end":{}}],"line":130},"15":{"loc":{"start":{"line":139,"column":6},"end":{"line":139,"column":73}},"type":"cond-expr","locations":[{"start":{"line":139,"column":33},"end":{"line":139,"column":65}},{"start":{"line":139,"column":69},"end":{"line":139,"column":73}}],"line":139},"16":{"loc":{"start":{"line":140,"column":6},"end":{"line":142,"column":14}},"type":"cond-expr","locations":[{"start":{"line":141,"column":11},"end":{"line":141,"column":59}},{"start":{"line":142,"column":10},"end":{"line":142,"column":14}}],"line":140},"17":{"loc":{"start":{"line":143,"column":6},"end":{"line":145,"column":14}},"type":"cond-expr","locations":[{"start":{"line":144,"column":11},"end":{"line":144,"column":53}},{"start":{"line":145,"column":10},"end":{"line":145,"column":14}}],"line":143},"18":{"loc":{"start":{"line":146,"column":6},"end":{"line":148,"column":14}},"type":"cond-expr","locations":[{"start":{"line":147,"column":11},"end":{"line":147,"column":51}},{"start":{"line":148,"column":10},"end":{"line":148,"column":14}}],"line":146},"19":{"loc":{"start":{"line":154,"column":8},"end":{"line":160,"column":9}},"type":"if","locations":[{"start":{"line":154,"column":8},"end":{"line":160,"column":9}},{"start":{"line":158,"column":15},"end":{"line":160,"column":9}}],"line":154}},"s":{"0":3,"1":3,"2":3,"3":3,"4":3,"5":3,"6":3,"7":3,"8":2,"9":2,"10":2,"11":2,"12":2,"13":3,"14":4,"15":4,"16":4,"17":2,"18":2,"19":1,"20":0,"21":1,"22":0,"23":1,"24":3,"25":8,"26":8,"27":8,"28":8,"29":8,"30":8,"31":8,"32":0,"33":0,"34":3,"35":2,"36":2,"37":2,"38":1,"39":1,"40":0,"41":1,"42":1,"43":1,"44":0,"45":3,"46":2,"47":2,"48":2,"49":2,"50":2,"51":2,"52":1,"53":1,"54":0,"55":0,"56":0,"57":1,"58":1,"59":1,"60":1,"61":1,"62":1,"63":1,"64":1,"65":1,"66":1,"67":1,"68":1,"69":0,"70":0,"71":3},"f":{"0":2,"1":2,"2":2,"3":2,"4":4,"5":4,"6":0,"7":8,"8":8,"9":2,"10":2,"11":1,"12":2,"13":2,"14":0,"15":1,"16":1},"b":{"0":[2,2],"1":[1,1],"2":[1,0],"3":[8,0],"4":[8,7],"5":[8,1],"6":[8,0],"7":[8,0],"8":[1,1],"9":[0,1],"10":[1,0],"11":[2,0],"12":[1,1],"13":[0,1],"14":[0,0],"15":[1,0],"16":[1,0],"17":[1,0],"18":[1,0],"19":[1,0]},"_coverageSchema":"1a1c01bbd47fc00a2c39e90264f33305004495a9","hash":"e36b8b710f5e547f3aaf400e13d246a29a0ae23f"}
,"C:\\Users\\vojte\\Documents\\škola\\frontendové systémy\\react-shopping-list\\backend\\middlewares\\auth.js": {"path":"C:\\Users\\vojte\\Documents\\škola\\frontendové systémy\\react-shopping-list\\backend\\middlewares\\auth.js","statementMap":{"0":{"start":{"line":2,"column":12},"end":{"line":2,"column":35}},"1":{"start":{"line":4,"column":21},"end":{"line":4,"column":47}},"2":{"start":{"line":6,"column":13},"end":{"line":25,"column":1}},"3":{"start":{"line":7,"column":2},"end":{"line":15,"column":3}},"4":{"start":{"line":8,"column":4},"end":{"line":14,"column":7}},"5":{"start":{"line":16,"column":16},"end":{"line":16,"column":55}},"6":{"start":{"line":18,"column":2},"end":{"line":24,"column":3}},"7":{"start":{"line":19,"column":20},"end":{"line":19,"column":51}},"8":{"start":{"line":20,"column":4},"end":{"line":20,"column":23}},"9":{"start":{"line":21,"column":4},"end":{"line":21,"column":11}},"10":{"start":{"line":23,"column":4},"end":{"line":23,"column":63}},"11":{"start":{"line":27,"column":0},"end":{"line":27,"column":22}}},"fnMap":{"0":{"name":"(anonymous_0)","decl":{"start":{"line":6,"column":13},"end":{"line":6,"column":14}},"loc":{"start":{"line":6,"column":33},"end":{"line":25,"column":1}},"line":6}},"branchMap":{"0":{"loc":{"start":{"line":7,"column":2},"end":{"line":15,"column":3}},"type":"if","locations":[{"start":{"line":7,"column":2},"end":{"line":15,"column":3}},{"start":{},"end":{}}],"line":7}},"s":{"0":3,"1":3,"2":3,"3":26,"4":6,"5":20,"6":20,"7":20,"8":19,"9":19,"10":1,"11":3},"f":{"0":26},"b":{"0":[6,20]},"_coverageSchema":"1a1c01bbd47fc00a2c39e90264f33305004495a9","hash":"25c7c168c81a8180b5a5f5f064971a6c9b799283"}
,"C:\\Users\\vojte\\Documents\\škola\\frontendové systémy\\react-shopping-list\\backend\\validations\\lists_validations.js": {"path":"C:\\Users\\vojte\\Documents\\škola\\frontendové systémy\\react-shopping-list\\backend\\validations\\lists_validations.js","statementMap":{"0":{"start":{"line":1,"column":25},"end":{"line":1,"column":53}},"1":{"start":{"line":3,"column":23},"end":{"line":5,"column":1}},"2":{"start":{"line":7,"column":28},"end":{"line":13,"column":1}},"3":{"start":{"line":15,"column":28},"end":{"line":21,"column":1}},"4":{"start":{"line":23,"column":0},"end":{"line":27,"column":2}}},"fnMap":{},"branchMap":{},"s":{"0":3,"1":3,"2":3,"3":3,"4":3},"f":{},"b":{},"_coverageSchema":"1a1c01bbd47fc00a2c39e90264f33305004495a9","hash":"dd634c96a370cd31ebbcccf9dd11adb5f3b3fae7"}
,"C:\\Users\\vojte\\Documents\\škola\\frontendové systémy\\react-shopping-list\\backend\\validations\\user_validations.js": {"path":"C:\\Users\\vojte\\Documents\\škola\\frontendové systémy\\react-shopping-list\\backend\\validations\\user_validations.js","statementMap":{"0":{"start":{"line":1,"column":25},"end":{"line":1,"column":53}},"1":{"start":{"line":3,"column":23},"end":{"line":7,"column":1}},"2":{"start":{"line":9,"column":26},"end":{"line":18,"column":1}},"3":{"start":{"line":20,"column":0},"end":{"line":23,"column":2}}},"fnMap":{},"branchMap":{},"s":{"0":3,"1":3,"2":3,"3":3},"f":{},"b":{},"_coverageSchema":"1a1c01bbd47fc00a2c39e90264f33305004495a9","hash":"d5567d0996bee14b43a7fd3cd2a1f41dfdc053a7"}
}
