{"C:\\Users\\vojte\\Documents\\škola\\frontendové systémy\\react-shopping-list\\backend\\main.js": {"path":"C:\\Users\\vojte\\Documents\\škola\\frontendové systémy\\react-shopping-list\\backend\\main.js","statementMap":{"0":{"start":{"line":1,"column":16},"end":{"line":1,"column":34}},"1":{"start":{"line":2,"column":15},"end":{"line":2,"column":32}},"2":{"start":{"line":3,"column":12},"end":{"line":3,"column":35}},"3":{"start":{"line":4,"column":15},"end":{"line":4,"column":32}},"4":{"start":{"line":5,"column":11},"end":{"line":5,"column":26}},"5":{"start":{"line":6,"column":18},"end":{"line":6,"column":47}},"6":{"start":{"line":7,"column":24},"end":{"line":7,"column":54}},"7":{"start":{"line":9,"column":13},"end":{"line":9,"column":43}},"8":{"start":{"line":10,"column":13},"end":{"line":10,"column":43}},"9":{"start":{"line":12,"column":10},"end":{"line":12,"column":19}},"10":{"start":{"line":13,"column":0},"end":{"line":13,"column":24}},"11":{"start":{"line":14,"column":0},"end":{"line":14,"column":48}},"12":{"start":{"line":16,"column":0},"end":{"line":16,"column":71}},"13":{"start":{"line":18,"column":0},"end":{"line":18,"column":16}},"14":{"start":{"line":20,"column":0},"end":{"line":20,"column":16}},"15":{"start":{"line":22,"column":0},"end":{"line":22,"column":19}},"16":{"start":{"line":23,"column":0},"end":{"line":23,"column":19}},"17":{"start":{"line":25,"column":0},"end":{"line":27,"column":3}},"18":{"start":{"line":26,"column":2},"end":{"line":26,"column":27}},"19":{"start":{"line":29,"column":17},"end":{"line":29,"column":26}},"20":{"start":{"line":30,"column":13},"end":{"line":30,"column":37}},"21":{"start":{"line":32,"column":0},"end":{"line":43,"column":1}},"22":{"start":{"line":34,"column":15},"end":{"line":39,"column":4}},"23":{"start":{"line":35,"column":15},"end":{"line":35,"column":39}},"24":{"start":{"line":36,"column":15},"end":{"line":36,"column":36}},"25":{"start":{"line":38,"column":4},"end":{"line":38,"column":61}},"26":{"start":{"line":42,"column":2},"end":{"line":42,"column":23}}},"fnMap":{"0":{"name":"(anonymous_0)","decl":{"start":{"line":25,"column":13},"end":{"line":25,"column":14}},"loc":{"start":{"line":25,"column":27},"end":{"line":27,"column":1}},"line":25},"1":{"name":"(anonymous_1)","decl":{"start":{"line":34,"column":42},"end":{"line":34,"column":43}},"loc":{"start":{"line":34,"column":54},"end":{"line":39,"column":3}},"line":34}},"branchMap":{"0":{"loc":{"start":{"line":30,"column":13},"end":{"line":30,"column":37}},"type":"binary-expr","locations":[{"start":{"line":30,"column":13},"end":{"line":30,"column":29}},{"start":{"line":30,"column":33},"end":{"line":30,"column":37}}],"line":30},"1":{"loc":{"start":{"line":32,"column":0},"end":{"line":43,"column":1}},"type":"if","locations":[{"start":{"line":32,"column":0},"end":{"line":43,"column":1}},{"start":{"line":40,"column":7},"end":{"line":43,"column":1}}],"line":32}},"s":{"0":3,"1":3,"2":3,"3":3,"4":3,"5":3,"6":3,"7":3,"8":3,"9":3,"10":3,"11":3,"12":3,"13":3,"14":3,"15":3,"16":3,"17":3,"18":1,"19":3,"20":3,"21":3,"22":0,"23":0,"24":0,"25":0,"26":3},"f":{"0":1,"1":0},"b":{"0":[3,0],"1":[0,3]},"_coverageSchema":"1a1c01bbd47fc00a2c39e90264f33305004495a9","hash":"9eb49e1521fc5ba22af85572499a8054d892ec53"}
,"C:\\Users\\vojte\\Documents\\škola\\frontendové systémy\\react-shopping-list\\backend\\db\\lists.js": {"path":"C:\\Users\\vojte\\Documents\\škola\\frontendové systémy\\react-shopping-list\\backend\\db\\lists.js","statementMap":{"0":{"start":{"line":1,"column":34},"end":{"line":1,"column":52}},"1":{"start":{"line":2,"column":15},"end":{"line":2,"column":32}},"2":{"start":{"line":4,"column":0},"end":{"line":4,"column":16}},"3":{"start":{"line":6,"column":17},"end":{"line":6,"column":38}},"4":{"start":{"line":7,"column":20},"end":{"line":7,"column":40}},"5":{"start":{"line":8,"column":28},"end":{"line":8,"column":62}},"6":{"start":{"line":10,"column":15},"end":{"line":10,"column":40}},"7":{"start":{"line":12,"column":11},"end":{"line":12,"column":33}},"8":{"start":{"line":13,"column":19},"end":{"line":13,"column":53}},"9":{"start":{"line":16,"column":2},"end":{"line":26,"column":3}},"10":{"start":{"line":17,"column":4},"end":{"line":17,"column":27}},"11":{"start":{"line":18,"column":19},"end":{"line":20,"column":16}},"12":{"start":{"line":21,"column":4},"end":{"line":21,"column":18}},"13":{"start":{"line":23,"column":4},"end":{"line":23,"column":21}},"14":{"start":{"line":25,"column":4},"end":{"line":25,"column":25}},"15":{"start":{"line":30,"column":2},"end":{"line":40,"column":3}},"16":{"start":{"line":31,"column":4},"end":{"line":31,"column":27}},"17":{"start":{"line":32,"column":19},"end":{"line":34,"column":16}},"18":{"start":{"line":35,"column":4},"end":{"line":35,"column":18}},"19":{"start":{"line":37,"column":4},"end":{"line":37,"column":21}},"20":{"start":{"line":39,"column":4},"end":{"line":39,"column":25}},"21":{"start":{"line":44,"column":2},"end":{"line":54,"column":3}},"22":{"start":{"line":45,"column":4},"end":{"line":45,"column":27}},"23":{"start":{"line":46,"column":19},"end":{"line":48,"column":16}},"24":{"start":{"line":49,"column":4},"end":{"line":49,"column":18}},"25":{"start":{"line":51,"column":4},"end":{"line":51,"column":21}},"26":{"start":{"line":53,"column":4},"end":{"line":53,"column":25}},"27":{"start":{"line":58,"column":2},"end":{"line":66,"column":3}},"28":{"start":{"line":59,"column":4},"end":{"line":59,"column":27}},"29":{"start":{"line":60,"column":19},"end":{"line":60,"column":74}},"30":{"start":{"line":61,"column":4},"end":{"line":61,"column":18}},"31":{"start":{"line":63,"column":4},"end":{"line":63,"column":21}},"32":{"start":{"line":65,"column":4},"end":{"line":65,"column":25}},"33":{"start":{"line":70,"column":2},"end":{"line":78,"column":3}},"34":{"start":{"line":71,"column":4},"end":{"line":71,"column":27}},"35":{"start":{"line":72,"column":19},"end":{"line":72,"column":76}},"36":{"start":{"line":73,"column":4},"end":{"line":73,"column":18}},"37":{"start":{"line":75,"column":4},"end":{"line":75,"column":21}},"38":{"start":{"line":77,"column":4},"end":{"line":77,"column":25}},"39":{"start":{"line":82,"column":2},"end":{"line":93,"column":3}},"40":{"start":{"line":83,"column":4},"end":{"line":83,"column":27}},"41":{"start":{"line":84,"column":19},"end":{"line":87,"column":5}},"42":{"start":{"line":88,"column":4},"end":{"line":88,"column":18}},"43":{"start":{"line":90,"column":4},"end":{"line":90,"column":21}},"44":{"start":{"line":92,"column":4},"end":{"line":92,"column":25}},"45":{"start":{"line":97,"column":2},"end":{"line":105,"column":3}},"46":{"start":{"line":98,"column":4},"end":{"line":98,"column":27}},"47":{"start":{"line":99,"column":19},"end":{"line":99,"column":51}},"48":{"start":{"line":100,"column":4},"end":{"line":100,"column":18}},"49":{"start":{"line":102,"column":4},"end":{"line":102,"column":21}},"50":{"start":{"line":104,"column":4},"end":{"line":104,"column":25}},"51":{"start":{"line":108,"column":0},"end":{"line":116,"column":2}}},"fnMap":{"0":{"name":"getActiveLists","decl":{"start":{"line":15,"column":15},"end":{"line":15,"column":29}},"loc":{"start":{"line":15,"column":38},"end":{"line":27,"column":1}},"line":15},"1":{"name":"getArchivedLists","decl":{"start":{"line":29,"column":15},"end":{"line":29,"column":31}},"loc":{"start":{"line":29,"column":40},"end":{"line":41,"column":1}},"line":29},"2":{"name":"getSharedLists","decl":{"start":{"line":43,"column":15},"end":{"line":43,"column":29}},"loc":{"start":{"line":43,"column":38},"end":{"line":55,"column":1}},"line":43},"3":{"name":"getList","decl":{"start":{"line":57,"column":15},"end":{"line":57,"column":22}},"loc":{"start":{"line":57,"column":31},"end":{"line":67,"column":1}},"line":57},"4":{"name":"deleteList","decl":{"start":{"line":69,"column":15},"end":{"line":69,"column":25}},"loc":{"start":{"line":69,"column":34},"end":{"line":79,"column":1}},"line":69},"5":{"name":"updateList","decl":{"start":{"line":81,"column":15},"end":{"line":81,"column":25}},"loc":{"start":{"line":81,"column":47},"end":{"line":94,"column":1}},"line":81},"6":{"name":"createList","decl":{"start":{"line":96,"column":15},"end":{"line":96,"column":25}},"loc":{"start":{"line":96,"column":32},"end":{"line":106,"column":1}},"line":96}},"branchMap":{},"s":{"0":3,"1":3,"2":3,"3":3,"4":3,"5":3,"6":3,"7":3,"8":3,"9":2,"10":2,"11":2,"12":2,"13":0,"14":2,"15":2,"16":2,"17":2,"18":2,"19":0,"20":2,"21":2,"22":2,"23":2,"24":2,"25":0,"26":2,"27":13,"28":13,"29":13,"30":10,"31":3,"32":13,"33":1,"34":1,"35":1,"36":1,"37":0,"38":1,"39":2,"40":2,"41":2,"42":2,"43":0,"44":2,"45":13,"46":13,"47":13,"48":13,"49":0,"50":13,"51":3},"f":{"0":2,"1":2,"2":2,"3":13,"4":1,"5":2,"6":13},"b":{},"_coverageSchema":"1a1c01bbd47fc00a2c39e90264f33305004495a9","hash":"6c48fae8cab2e2f895f94168bb6dd4049be12895"}
,"C:\\Users\\vojte\\Documents\\škola\\frontendové systémy\\react-shopping-list\\backend\\db\\users.js": {"path":"C:\\Users\\vojte\\Documents\\škola\\frontendové systémy\\react-shopping-list\\backend\\db\\users.js","statementMap":{"0":{"start":{"line":1,"column":34},"end":{"line":1,"column":52}},"1":{"start":{"line":2,"column":15},"end":{"line":2,"column":32}},"2":{"start":{"line":3,"column":0},"end":{"line":3,"column":16}},"3":{"start":{"line":5,"column":17},"end":{"line":5,"column":38}},"4":{"start":{"line":6,"column":20},"end":{"line":6,"column":40}},"5":{"start":{"line":7,"column":28},"end":{"line":7,"column":62}},"6":{"start":{"line":9,"column":15},"end":{"line":9,"column":40}},"7":{"start":{"line":11,"column":11},"end":{"line":11,"column":33}},"8":{"start":{"line":12,"column":19},"end":{"line":12,"column":53}},"9":{"start":{"line":15,"column":2},"end":{"line":23,"column":3}},"10":{"start":{"line":16,"column":4},"end":{"line":16,"column":27}},"11":{"start":{"line":17,"column":19},"end":{"line":17,"column":61}},"12":{"start":{"line":18,"column":4},"end":{"line":18,"column":18}},"13":{"start":{"line":20,"column":4},"end":{"line":20,"column":21}},"14":{"start":{"line":22,"column":4},"end":{"line":22,"column":25}},"15":{"start":{"line":27,"column":2},"end":{"line":35,"column":3}},"16":{"start":{"line":28,"column":4},"end":{"line":28,"column":27}},"17":{"start":{"line":29,"column":19},"end":{"line":29,"column":51}},"18":{"start":{"line":30,"column":4},"end":{"line":30,"column":18}},"19":{"start":{"line":32,"column":4},"end":{"line":32,"column":21}},"20":{"start":{"line":34,"column":4},"end":{"line":34,"column":25}},"21":{"start":{"line":38,"column":0},"end":{"line":38,"column":48}}},"fnMap":{"0":{"name":"getUserByEmail","decl":{"start":{"line":14,"column":15},"end":{"line":14,"column":29}},"loc":{"start":{"line":14,"column":37},"end":{"line":24,"column":1}},"line":14},"1":{"name":"createUser","decl":{"start":{"line":26,"column":15},"end":{"line":26,"column":25}},"loc":{"start":{"line":26,"column":32},"end":{"line":36,"column":1}},"line":26}},"branchMap":{},"s":{"0":3,"1":3,"2":3,"3":3,"4":3,"5":3,"6":3,"7":3,"8":3,"9":27,"10":27,"11":27,"12":27,"13":0,"14":27,"15":23,"16":23,"17":23,"18":23,"19":0,"20":23,"21":3},"f":{"0":27,"1":23},"b":{},"_coverageSchema":"1a1c01bbd47fc00a2c39e90264f33305004495a9","hash":"b8d1bf6de94c2495bf77b0c7d3606170564107a3"}
,"C:\\Users\\vojte\\Documents\\škola\\frontendové systémy\\react-shopping-list\\backend\\endpoints\\auth.js": {"path":"C:\\Users\\vojte\\Documents\\škola\\frontendové systémy\\react-shopping-list\\backend\\endpoints\\auth.js","statementMap":{"0":{"start":{"line":1,"column":16},"end":{"line":1,"column":34}},"1":{"start":{"line":2,"column":12},"end":{"line":2,"column":35}},"2":{"start":{"line":3,"column":15},"end":{"line":3,"column":31}},"3":{"start":{"line":4,"column":42},"end":{"line":4,"column":70}},"4":{"start":{"line":8,"column":4},"end":{"line":8,"column":49}},"5":{"start":{"line":10,"column":13},"end":{"line":10,"column":46}},"6":{"start":{"line":11,"column":15},"end":{"line":11,"column":32}},"7":{"start":{"line":12,"column":19},"end":{"line":12,"column":21}},"8":{"start":{"line":13,"column":39},"end":{"line":13,"column":64}},"9":{"start":{"line":15,"column":15},"end":{"line":15,"column":32}},"10":{"start":{"line":16,"column":0},"end":{"line":16,"column":16}},"11":{"start":{"line":18,"column":21},"end":{"line":18,"column":59}},"12":{"start":{"line":19,"column":22},"end":{"line":19,"column":58}},"13":{"start":{"line":22,"column":42},"end":{"line":22,"column":45}},"14":{"start":{"line":24,"column":2},"end":{"line":24,"column":14}},"15":{"start":{"line":27,"column":0},"end":{"line":29,"column":3}},"16":{"start":{"line":28,"column":2},"end":{"line":28,"column":33}},"17":{"start":{"line":31,"column":0},"end":{"line":62,"column":3}},"18":{"start":{"line":32,"column":17},"end":{"line":32,"column":38}},"19":{"start":{"line":33,"column":2},"end":{"line":61,"column":3}},"20":{"start":{"line":34,"column":15},"end":{"line":34,"column":31}},"21":{"start":{"line":36,"column":4},"end":{"line":58,"column":7}},"22":{"start":{"line":37,"column":6},"end":{"line":57,"column":7}},"23":{"start":{"line":39,"column":8},"end":{"line":54,"column":11}},"24":{"start":{"line":40,"column":10},"end":{"line":50,"column":11}},"25":{"start":{"line":42,"column":12},"end":{"line":42,"column":53}},"26":{"start":{"line":43,"column":12},"end":{"line":47,"column":14}},"27":{"start":{"line":48,"column":12},"end":{"line":48,"column":41}},"28":{"start":{"line":49,"column":12},"end":{"line":49,"column":46}},"29":{"start":{"line":51,"column":10},"end":{"line":53,"column":61}},"30":{"start":{"line":56,"column":8},"end":{"line":56,"column":79}},"31":{"start":{"line":60,"column":4},"end":{"line":60,"column":53}},"32":{"start":{"line":66,"column":0},"end":{"line":111,"column":3}},"33":{"start":{"line":67,"column":17},"end":{"line":67,"column":38}},"34":{"start":{"line":68,"column":2},"end":{"line":110,"column":3}},"35":{"start":{"line":69,"column":15},"end":{"line":69,"column":31}},"36":{"start":{"line":71,"column":4},"end":{"line":107,"column":7}},"37":{"start":{"line":72,"column":6},"end":{"line":106,"column":7}},"38":{"start":{"line":73,"column":8},"end":{"line":75,"column":69}},"39":{"start":{"line":78,"column":8},"end":{"line":105,"column":11}},"40":{"start":{"line":81,"column":10},"end":{"line":86,"column":15}},"41":{"start":{"line":87,"column":10},"end":{"line":87,"column":34}},"42":{"start":{"line":88,"column":10},"end":{"line":88,"column":42}},"43":{"start":{"line":91,"column":10},"end":{"line":104,"column":13}},"44":{"start":{"line":93,"column":12},"end":{"line":101,"column":14}},"45":{"start":{"line":102,"column":12},"end":{"line":102,"column":41}},"46":{"start":{"line":103,"column":12},"end":{"line":103,"column":75}},"47":{"start":{"line":109,"column":4},"end":{"line":109,"column":53}},"48":{"start":{"line":113,"column":0},"end":{"line":113,"column":24}}},"fnMap":{"0":{"name":"withoutProperty","decl":{"start":{"line":21,"column":9},"end":{"line":21,"column":24}},"loc":{"start":{"line":21,"column":40},"end":{"line":25,"column":1}},"line":21},"1":{"name":"(anonymous_1)","decl":{"start":{"line":27,"column":26},"end":{"line":27,"column":27}},"loc":{"start":{"line":27,"column":40},"end":{"line":29,"column":1}},"line":27},"2":{"name":"(anonymous_2)","decl":{"start":{"line":31,"column":38},"end":{"line":31,"column":39}},"loc":{"start":{"line":31,"column":52},"end":{"line":62,"column":1}},"line":31},"3":{"name":"(anonymous_3)","decl":{"start":{"line":36,"column":36},"end":{"line":36,"column":37}},"loc":{"start":{"line":36,"column":46},"end":{"line":58,"column":5}},"line":36},"4":{"name":"(anonymous_4)","decl":{"start":{"line":39,"column":53},"end":{"line":39,"column":54}},"loc":{"start":{"line":39,"column":76},"end":{"line":54,"column":9}},"line":39},"5":{"name":"(anonymous_5)","decl":{"start":{"line":66,"column":44},"end":{"line":66,"column":45}},"loc":{"start":{"line":66,"column":58},"end":{"line":111,"column":1}},"line":66},"6":{"name":"(anonymous_6)","decl":{"start":{"line":71,"column":36},"end":{"line":71,"column":37}},"loc":{"start":{"line":71,"column":46},"end":{"line":107,"column":5}},"line":71},"7":{"name":"(anonymous_7)","decl":{"start":{"line":78,"column":47},"end":{"line":78,"column":48}},"loc":{"start":{"line":78,"column":68},"end":{"line":105,"column":9}},"line":78},"8":{"name":"(anonymous_8)","decl":{"start":{"line":91,"column":32},"end":{"line":91,"column":33}},"loc":{"start":{"line":91,"column":44},"end":{"line":104,"column":11}},"line":91}},"branchMap":{"0":{"loc":{"start":{"line":18,"column":21},"end":{"line":18,"column":59}},"type":"binary-expr","locations":[{"start":{"line":18,"column":21},"end":{"line":18,"column":47}},{"start":{"line":18,"column":51},"end":{"line":18,"column":59}}],"line":18},"1":{"loc":{"start":{"line":19,"column":22},"end":{"line":19,"column":58}},"type":"binary-expr","locations":[{"start":{"line":19,"column":22},"end":{"line":19,"column":49}},{"start":{"line":19,"column":53},"end":{"line":19,"column":58}}],"line":19},"2":{"loc":{"start":{"line":33,"column":2},"end":{"line":61,"column":3}},"type":"if","locations":[{"start":{"line":33,"column":2},"end":{"line":61,"column":3}},{"start":{"line":59,"column":9},"end":{"line":61,"column":3}}],"line":33},"3":{"loc":{"start":{"line":37,"column":6},"end":{"line":57,"column":7}},"type":"if","locations":[{"start":{"line":37,"column":6},"end":{"line":57,"column":7}},{"start":{"line":55,"column":13},"end":{"line":57,"column":7}}],"line":37},"4":{"loc":{"start":{"line":40,"column":10},"end":{"line":50,"column":11}},"type":"if","locations":[{"start":{"line":40,"column":10},"end":{"line":50,"column":11}},{"start":{},"end":{}}],"line":40},"5":{"loc":{"start":{"line":68,"column":2},"end":{"line":110,"column":3}},"type":"if","locations":[{"start":{"line":68,"column":2},"end":{"line":110,"column":3}},{"start":{"line":108,"column":9},"end":{"line":110,"column":3}}],"line":68},"6":{"loc":{"start":{"line":72,"column":6},"end":{"line":106,"column":7}},"type":"if","locations":[{"start":{"line":72,"column":6},"end":{"line":106,"column":7}},{"start":{"line":76,"column":13},"end":{"line":106,"column":7}}],"line":72}},"s":{"0":3,"1":3,"2":3,"3":3,"4":3,"5":3,"6":3,"7":3,"8":3,"9":3,"10":3,"11":3,"12":3,"13":24,"14":24,"15":3,"16":1,"17":3,"18":6,"19":6,"20":3,"21":3,"22":3,"23":2,"24":2,"25":1,"26":1,"27":1,"28":1,"29":1,"30":1,"31":3,"32":3,"33":30,"34":30,"35":24,"36":24,"37":24,"38":1,"39":23,"40":23,"41":23,"42":23,"43":23,"44":23,"45":23,"46":23,"47":6,"48":3},"f":{"0":24,"1":1,"2":6,"3":3,"4":2,"5":30,"6":24,"7":23,"8":23},"b":{"0":[3,0],"1":[3,0],"2":[3,3],"3":[2,1],"4":[1,1],"5":[24,6],"6":[1,23]},"_coverageSchema":"1a1c01bbd47fc00a2c39e90264f33305004495a9","hash":"1ea3a1bbfb7d4fbadc6a9679f3075306e57db8ef"}
,"C:\\Users\\vojte\\Documents\\škola\\frontendové systémy\\react-shopping-list\\backend\\endpoints\\list.js": {"path":"C:\\Users\\vojte\\Documents\\škola\\frontendové systémy\\react-shopping-list\\backend\\endpoints\\list.js","statementMap":{"0":{"start":{"line":1,"column":16},"end":{"line":1,"column":34}},"1":{"start":{"line":2,"column":21},"end":{"line":2,"column":39}},"2":{"start":{"line":3,"column":15},"end":{"line":3,"column":31}},"3":{"start":{"line":4,"column":42},"end":{"line":4,"column":70}},"4":{"start":{"line":5,"column":12},"end":{"line":5,"column":26}},"5":{"start":{"line":9,"column":4},"end":{"line":9,"column":50}},"6":{"start":{"line":19,"column":4},"end":{"line":19,"column":29}},"7":{"start":{"line":21,"column":13},"end":{"line":21,"column":46}},"8":{"start":{"line":23,"column":0},"end":{"line":36,"column":3}},"9":{"start":{"line":24,"column":2},"end":{"line":35,"column":5}},"10":{"start":{"line":25,"column":4},"end":{"line":34,"column":7}},"11":{"start":{"line":26,"column":6},"end":{"line":33,"column":9}},"12":{"start":{"line":27,"column":20},"end":{"line":31,"column":9}},"13":{"start":{"line":32,"column":8},"end":{"line":32,"column":43}},"14":{"start":{"line":38,"column":0},"end":{"line":60,"column":3}},"15":{"start":{"line":39,"column":16},"end":{"line":39,"column":29}},"16":{"start":{"line":42,"column":2},"end":{"line":59,"column":5}},"17":{"start":{"line":43,"column":4},"end":{"line":45,"column":5}},"18":{"start":{"line":44,"column":6},"end":{"line":44,"column":66}},"19":{"start":{"line":47,"column":4},"end":{"line":58,"column":5}},"20":{"start":{"line":48,"column":6},"end":{"line":55,"column":7}},"21":{"start":{"line":49,"column":43},"end":{"line":49,"column":67}},"22":{"start":{"line":52,"column":8},"end":{"line":52,"column":63}},"23":{"start":{"line":54,"column":8},"end":{"line":54,"column":42}},"24":{"start":{"line":57,"column":6},"end":{"line":57,"column":40}},"25":{"start":{"line":62,"column":0},"end":{"line":127,"column":3}},"26":{"start":{"line":63,"column":17},"end":{"line":63,"column":38}},"27":{"start":{"line":64,"column":2},"end":{"line":126,"column":3}},"28":{"start":{"line":65,"column":15},"end":{"line":65,"column":31}},"29":{"start":{"line":69,"column":4},"end":{"line":86,"column":5}},"30":{"start":{"line":70,"column":31},"end":{"line":77,"column":7}},"31":{"start":{"line":79,"column":24},"end":{"line":79,"column":65}},"32":{"start":{"line":81,"column":6},"end":{"line":85,"column":7}},"33":{"start":{"line":82,"column":8},"end":{"line":84,"column":64}},"34":{"start":{"line":88,"column":4},"end":{"line":103,"column":5}},"35":{"start":{"line":89,"column":34},"end":{"line":94,"column":7}},"36":{"start":{"line":96,"column":24},"end":{"line":96,"column":71}},"37":{"start":{"line":98,"column":6},"end":{"line":102,"column":7}},"38":{"start":{"line":99,"column":8},"end":{"line":101,"column":67}},"39":{"start":{"line":105,"column":19},"end":{"line":117,"column":5}},"40":{"start":{"line":119,"column":4},"end":{"line":123,"column":7}},"41":{"start":{"line":120,"column":6},"end":{"line":122,"column":7}},"42":{"start":{"line":121,"column":8},"end":{"line":121,"column":46}},"43":{"start":{"line":125,"column":4},"end":{"line":125,"column":53}},"44":{"start":{"line":129,"column":0},"end":{"line":149,"column":3}},"45":{"start":{"line":130,"column":16},"end":{"line":130,"column":29}},"46":{"start":{"line":133,"column":2},"end":{"line":148,"column":5}},"47":{"start":{"line":134,"column":4},"end":{"line":136,"column":5}},"48":{"start":{"line":135,"column":6},"end":{"line":135,"column":66}},"49":{"start":{"line":139,"column":4},"end":{"line":141,"column":5}},"50":{"start":{"line":140,"column":6},"end":{"line":140,"column":61}},"51":{"start":{"line":143,"column":4},"end":{"line":147,"column":7}},"52":{"start":{"line":144,"column":6},"end":{"line":146,"column":7}},"53":{"start":{"line":145,"column":8},"end":{"line":145,"column":75}},"54":{"start":{"line":151,"column":0},"end":{"line":259,"column":3}},"55":{"start":{"line":152,"column":17},"end":{"line":152,"column":38}},"56":{"start":{"line":153,"column":2},"end":{"line":258,"column":3}},"57":{"start":{"line":154,"column":15},"end":{"line":154,"column":31}},"58":{"start":{"line":156,"column":4},"end":{"line":158,"column":5}},"59":{"start":{"line":157,"column":6},"end":{"line":157,"column":68}},"60":{"start":{"line":160,"column":4},"end":{"line":177,"column":5}},"61":{"start":{"line":161,"column":25},"end":{"line":166,"column":8}},"62":{"start":{"line":168,"column":31},"end":{"line":168,"column":60}},"63":{"start":{"line":170,"column":24},"end":{"line":170,"column":65}},"64":{"start":{"line":172,"column":6},"end":{"line":176,"column":7}},"65":{"start":{"line":173,"column":8},"end":{"line":175,"column":64}},"66":{"start":{"line":179,"column":4},"end":{"line":194,"column":5}},"67":{"start":{"line":180,"column":34},"end":{"line":185,"column":7}},"68":{"start":{"line":187,"column":24},"end":{"line":187,"column":71}},"69":{"start":{"line":189,"column":6},"end":{"line":193,"column":7}},"70":{"start":{"line":190,"column":8},"end":{"line":192,"column":67}},"71":{"start":{"line":196,"column":18},"end":{"line":196,"column":31}},"72":{"start":{"line":198,"column":24},"end":{"line":198,"column":29}},"73":{"start":{"line":200,"column":4},"end":{"line":257,"column":7}},"74":{"start":{"line":201,"column":6},"end":{"line":203,"column":7}},"75":{"start":{"line":202,"column":8},"end":{"line":202,"column":68}},"76":{"start":{"line":205,"column":6},"end":{"line":214,"column":7}},"77":{"start":{"line":206,"column":8},"end":{"line":211,"column":9}},"78":{"start":{"line":207,"column":45},"end":{"line":207,"column":69}},"79":{"start":{"line":210,"column":10},"end":{"line":210,"column":65}},"80":{"start":{"line":213,"column":8},"end":{"line":213,"column":29}},"81":{"start":{"line":216,"column":6},"end":{"line":220,"column":7}},"82":{"start":{"line":217,"column":8},"end":{"line":219,"column":9}},"83":{"start":{"line":218,"column":10},"end":{"line":218,"column":65}},"84":{"start":{"line":222,"column":6},"end":{"line":226,"column":7}},"85":{"start":{"line":223,"column":8},"end":{"line":225,"column":9}},"86":{"start":{"line":224,"column":10},"end":{"line":224,"column":65}},"87":{"start":{"line":228,"column":6},"end":{"line":232,"column":7}},"88":{"start":{"line":229,"column":8},"end":{"line":231,"column":9}},"89":{"start":{"line":230,"column":10},"end":{"line":230,"column":65}},"90":{"start":{"line":234,"column":23},"end":{"line":234,"column":35}},"91":{"start":{"line":236,"column":6},"end":{"line":236,"column":74}},"92":{"start":{"line":237,"column":6},"end":{"line":239,"column":15}},"93":{"start":{"line":240,"column":6},"end":{"line":242,"column":15}},"94":{"start":{"line":243,"column":6},"end":{"line":245,"column":15}},"95":{"start":{"line":246,"column":6},"end":{"line":246,"column":37}},"96":{"start":{"line":247,"column":6},"end":{"line":247,"column":57}},"97":{"start":{"line":248,"column":6},"end":{"line":248,"column":35}},"98":{"start":{"line":250,"column":6},"end":{"line":256,"column":9}},"99":{"start":{"line":251,"column":8},"end":{"line":255,"column":9}},"100":{"start":{"line":252,"column":10},"end":{"line":254,"column":13}},"101":{"start":{"line":253,"column":12},"end":{"line":253,"column":46}},"102":{"start":{"line":261,"column":0},"end":{"line":261,"column":24}}},"fnMap":{"0":{"name":"(anonymous_0)","decl":{"start":{"line":23,"column":27},"end":{"line":23,"column":28}},"loc":{"start":{"line":23,"column":41},"end":{"line":36,"column":1}},"line":23},"1":{"name":"(anonymous_1)","decl":{"start":{"line":24,"column":36},"end":{"line":24,"column":37}},"loc":{"start":{"line":24,"column":54},"end":{"line":35,"column":3}},"line":24},"2":{"name":"(anonymous_2)","decl":{"start":{"line":25,"column":40},"end":{"line":25,"column":41}},"loc":{"start":{"line":25,"column":60},"end":{"line":34,"column":5}},"line":25},"3":{"name":"(anonymous_3)","decl":{"start":{"line":26,"column":40},"end":{"line":26,"column":41}},"loc":{"start":{"line":26,"column":58},"end":{"line":33,"column":7}},"line":26},"4":{"name":"(anonymous_4)","decl":{"start":{"line":38,"column":30},"end":{"line":38,"column":31}},"loc":{"start":{"line":38,"column":44},"end":{"line":60,"column":1}},"line":38},"5":{"name":"(anonymous_5)","decl":{"start":{"line":42,"column":24},"end":{"line":42,"column":25}},"loc":{"start":{"line":42,"column":34},"end":{"line":59,"column":3}},"line":42},"6":{"name":"(anonymous_6)","decl":{"start":{"line":49,"column":33},"end":{"line":49,"column":34}},"loc":{"start":{"line":49,"column":43},"end":{"line":49,"column":67}},"line":49},"7":{"name":"(anonymous_7)","decl":{"start":{"line":62,"column":55},"end":{"line":62,"column":56}},"loc":{"start":{"line":62,"column":69},"end":{"line":127,"column":1}},"line":62},"8":{"name":"(anonymous_8)","decl":{"start":{"line":119,"column":30},"end":{"line":119,"column":31}},"loc":{"start":{"line":119,"column":42},"end":{"line":123,"column":5}},"line":119},"9":{"name":"(anonymous_9)","decl":{"start":{"line":129,"column":33},"end":{"line":129,"column":34}},"loc":{"start":{"line":129,"column":47},"end":{"line":149,"column":1}},"line":129},"10":{"name":"(anonymous_10)","decl":{"start":{"line":133,"column":24},"end":{"line":133,"column":25}},"loc":{"start":{"line":133,"column":34},"end":{"line":148,"column":3}},"line":133},"11":{"name":"(anonymous_11)","decl":{"start":{"line":143,"column":29},"end":{"line":143,"column":30}},"loc":{"start":{"line":143,"column":41},"end":{"line":147,"column":5}},"line":143},"12":{"name":"(anonymous_12)","decl":{"start":{"line":151,"column":51},"end":{"line":151,"column":52}},"loc":{"start":{"line":151,"column":65},"end":{"line":259,"column":1}},"line":151},"13":{"name":"(anonymous_13)","decl":{"start":{"line":200,"column":26},"end":{"line":200,"column":27}},"loc":{"start":{"line":200,"column":36},"end":{"line":257,"column":5}},"line":200},"14":{"name":"(anonymous_14)","decl":{"start":{"line":207,"column":35},"end":{"line":207,"column":36}},"loc":{"start":{"line":207,"column":45},"end":{"line":207,"column":69}},"line":207},"15":{"name":"(anonymous_15)","decl":{"start":{"line":250,"column":43},"end":{"line":250,"column":44}},"loc":{"start":{"line":250,"column":55},"end":{"line":256,"column":7}},"line":250},"16":{"name":"(anonymous_16)","decl":{"start":{"line":252,"column":32},"end":{"line":252,"column":33}},"loc":{"start":{"line":252,"column":42},"end":{"line":254,"column":11}},"line":252}},"branchMap":{"0":{"loc":{"start":{"line":43,"column":4},"end":{"line":45,"column":5}},"type":"if","locations":[{"start":{"line":43,"column":4},"end":{"line":45,"column":5}},{"start":{},"end":{}}],"line":43},"1":{"loc":{"start":{"line":47,"column":4},"end":{"line":58,"column":5}},"type":"if","locations":[{"start":{"line":47,"column":4},"end":{"line":58,"column":5}},{"start":{"line":56,"column":11},"end":{"line":58,"column":5}}],"line":47},"2":{"loc":{"start":{"line":48,"column":6},"end":{"line":55,"column":7}},"type":"if","locations":[{"start":{"line":48,"column":6},"end":{"line":55,"column":7}},{"start":{"line":53,"column":13},"end":{"line":55,"column":7}}],"line":48},"3":{"loc":{"start":{"line":64,"column":2},"end":{"line":126,"column":3}},"type":"if","locations":[{"start":{"line":64,"column":2},"end":{"line":126,"column":3}},{"start":{"line":124,"column":9},"end":{"line":126,"column":3}}],"line":64},"4":{"loc":{"start":{"line":69,"column":4},"end":{"line":86,"column":5}},"type":"if","locations":[{"start":{"line":69,"column":4},"end":{"line":86,"column":5}},{"start":{},"end":{}}],"line":69},"5":{"loc":{"start":{"line":69,"column":8},"end":{"line":69,"column":51}},"type":"binary-expr","locations":[{"start":{"line":69,"column":8},"end":{"line":69,"column":22}},{"start":{"line":69,"column":26},"end":{"line":69,"column":51}}],"line":69},"6":{"loc":{"start":{"line":81,"column":6},"end":{"line":85,"column":7}},"type":"if","locations":[{"start":{"line":81,"column":6},"end":{"line":85,"column":7}},{"start":{},"end":{}}],"line":81},"7":{"loc":{"start":{"line":88,"column":4},"end":{"line":103,"column":5}},"type":"if","locations":[{"start":{"line":88,"column":4},"end":{"line":103,"column":5}},{"start":{},"end":{}}],"line":88},"8":{"loc":{"start":{"line":88,"column":8},"end":{"line":88,"column":57}},"type":"binary-expr","locations":[{"start":{"line":88,"column":8},"end":{"line":88,"column":25}},{"start":{"line":88,"column":29},"end":{"line":88,"column":57}}],"line":88},"9":{"loc":{"start":{"line":98,"column":6},"end":{"line":102,"column":7}},"type":"if","locations":[{"start":{"line":98,"column":6},"end":{"line":102,"column":7}},{"start":{},"end":{}}],"line":98},"10":{"loc":{"start":{"line":114,"column":16},"end":{"line":114,"column":38}},"type":"binary-expr","locations":[{"start":{"line":114,"column":16},"end":{"line":114,"column":29}},{"start":{"line":114,"column":33},"end":{"line":114,"column":38}}],"line":114},"11":{"loc":{"start":{"line":115,"column":20},"end":{"line":115,"column":43}},"type":"binary-expr","locations":[{"start":{"line":115,"column":20},"end":{"line":115,"column":37}},{"start":{"line":115,"column":41},"end":{"line":115,"column":43}}],"line":115},"12":{"loc":{"start":{"line":116,"column":17},"end":{"line":116,"column":37}},"type":"binary-expr","locations":[{"start":{"line":116,"column":17},"end":{"line":116,"column":31}},{"start":{"line":116,"column":35},"end":{"line":116,"column":37}}],"line":116},"13":{"loc":{"start":{"line":120,"column":6},"end":{"line":122,"column":7}},"type":"if","locations":[{"start":{"line":120,"column":6},"end":{"line":122,"column":7}},{"start":{},"end":{}}],"line":120},"14":{"loc":{"start":{"line":134,"column":4},"end":{"line":136,"column":5}},"type":"if","locations":[{"start":{"line":134,"column":4},"end":{"line":136,"column":5}},{"start":{},"end":{}}],"line":134},"15":{"loc":{"start":{"line":139,"column":4},"end":{"line":141,"column":5}},"type":"if","locations":[{"start":{"line":139,"column":4},"end":{"line":141,"column":5}},{"start":{},"end":{}}],"line":139},"16":{"loc":{"start":{"line":144,"column":6},"end":{"line":146,"column":7}},"type":"if","locations":[{"start":{"line":144,"column":6},"end":{"line":146,"column":7}},{"start":{},"end":{}}],"line":144},"17":{"loc":{"start":{"line":153,"column":2},"end":{"line":258,"column":3}},"type":"if","locations":[{"start":{"line":153,"column":2},"end":{"line":258,"column":3}},{"start":{},"end":{}}],"line":153},"18":{"loc":{"start":{"line":156,"column":4},"end":{"line":158,"column":5}},"type":"if","locations":[{"start":{"line":156,"column":4},"end":{"line":158,"column":5}},{"start":{},"end":{}}],"line":156},"19":{"loc":{"start":{"line":160,"column":4},"end":{"line":177,"column":5}},"type":"if","locations":[{"start":{"line":160,"column":4},"end":{"line":177,"column":5}},{"start":{},"end":{}}],"line":160},"20":{"loc":{"start":{"line":172,"column":6},"end":{"line":176,"column":7}},"type":"if","locations":[{"start":{"line":172,"column":6},"end":{"line":176,"column":7}},{"start":{},"end":{}}],"line":172},"21":{"loc":{"start":{"line":179,"column":4},"end":{"line":194,"column":5}},"type":"if","locations":[{"start":{"line":179,"column":4},"end":{"line":194,"column":5}},{"start":{},"end":{}}],"line":179},"22":{"loc":{"start":{"line":179,"column":8},"end":{"line":179,"column":57}},"type":"binary-expr","locations":[{"start":{"line":179,"column":8},"end":{"line":179,"column":25}},{"start":{"line":179,"column":29},"end":{"line":179,"column":57}}],"line":179},"23":{"loc":{"start":{"line":189,"column":6},"end":{"line":193,"column":7}},"type":"if","locations":[{"start":{"line":189,"column":6},"end":{"line":193,"column":7}},{"start":{},"end":{}}],"line":189},"24":{"loc":{"start":{"line":201,"column":6},"end":{"line":203,"column":7}},"type":"if","locations":[{"start":{"line":201,"column":6},"end":{"line":203,"column":7}},{"start":{},"end":{}}],"line":201},"25":{"loc":{"start":{"line":205,"column":6},"end":{"line":214,"column":7}},"type":"if","locations":[{"start":{"line":205,"column":6},"end":{"line":214,"column":7}},{"start":{"line":212,"column":13},"end":{"line":214,"column":7}}],"line":205},"26":{"loc":{"start":{"line":206,"column":8},"end":{"line":211,"column":9}},"type":"if","locations":[{"start":{"line":206,"column":8},"end":{"line":211,"column":9}},{"start":{},"end":{}}],"line":206},"27":{"loc":{"start":{"line":216,"column":6},"end":{"line":220,"column":7}},"type":"if","locations":[{"start":{"line":216,"column":6},"end":{"line":220,"column":7}},{"start":{},"end":{}}],"line":216},"28":{"loc":{"start":{"line":217,"column":8},"end":{"line":219,"column":9}},"type":"if","locations":[{"start":{"line":217,"column":8},"end":{"line":219,"column":9}},{"start":{},"end":{}}],"line":217},"29":{"loc":{"start":{"line":222,"column":6},"end":{"line":226,"column":7}},"type":"if","locations":[{"start":{"line":222,"column":6},"end":{"line":226,"column":7}},{"start":{},"end":{}}],"line":222},"30":{"loc":{"start":{"line":223,"column":8},"end":{"line":225,"column":9}},"type":"if","locations":[{"start":{"line":223,"column":8},"end":{"line":225,"column":9}},{"start":{},"end":{}}],"line":223},"31":{"loc":{"start":{"line":228,"column":6},"end":{"line":232,"column":7}},"type":"if","locations":[{"start":{"line":228,"column":6},"end":{"line":232,"column":7}},{"start":{},"end":{}}],"line":228},"32":{"loc":{"start":{"line":229,"column":8},"end":{"line":231,"column":9}},"type":"if","locations":[{"start":{"line":229,"column":8},"end":{"line":231,"column":9}},{"start":{},"end":{}}],"line":229},"33":{"loc":{"start":{"line":236,"column":6},"end":{"line":236,"column":73}},"type":"cond-expr","locations":[{"start":{"line":236,"column":33},"end":{"line":236,"column":65}},{"start":{"line":236,"column":69},"end":{"line":236,"column":73}}],"line":236},"34":{"loc":{"start":{"line":237,"column":6},"end":{"line":239,"column":14}},"type":"cond-expr","locations":[{"start":{"line":238,"column":11},"end":{"line":238,"column":59}},{"start":{"line":239,"column":10},"end":{"line":239,"column":14}}],"line":237},"35":{"loc":{"start":{"line":240,"column":6},"end":{"line":242,"column":14}},"type":"cond-expr","locations":[{"start":{"line":241,"column":11},"end":{"line":241,"column":53}},{"start":{"line":242,"column":10},"end":{"line":242,"column":14}}],"line":240},"36":{"loc":{"start":{"line":243,"column":6},"end":{"line":245,"column":14}},"type":"cond-expr","locations":[{"start":{"line":244,"column":11},"end":{"line":244,"column":51}},{"start":{"line":245,"column":10},"end":{"line":245,"column":14}}],"line":243},"37":{"loc":{"start":{"line":251,"column":8},"end":{"line":255,"column":9}},"type":"if","locations":[{"start":{"line":251,"column":8},"end":{"line":255,"column":9}},{"start":{},"end":{}}],"line":251}},"s":{"0":3,"1":3,"2":3,"3":3,"4":3,"5":3,"6":3,"7":3,"8":3,"9":2,"10":2,"11":2,"12":2,"13":2,"14":3,"15":4,"16":4,"17":4,"18":2,"19":2,"20":1,"21":0,"22":1,"23":0,"24":1,"25":3,"26":15,"27":15,"28":15,"29":15,"30":1,"31":1,"32":1,"33":1,"34":14,"35":3,"36":3,"37":3,"38":1,"39":13,"40":13,"41":13,"42":13,"43":0,"44":3,"45":2,"46":2,"47":2,"48":1,"49":1,"50":0,"51":1,"52":1,"53":1,"54":3,"55":7,"56":7,"57":7,"58":7,"59":1,"60":6,"61":6,"62":6,"63":6,"64":6,"65":1,"66":5,"67":1,"68":1,"69":1,"70":0,"71":5,"72":5,"73":5,"74":5,"75":1,"76":4,"77":2,"78":0,"79":2,"80":2,"81":2,"82":2,"83":0,"84":2,"85":2,"86":0,"87":2,"88":2,"89":0,"90":2,"91":2,"92":2,"93":2,"94":2,"95":2,"96":2,"97":2,"98":2,"99":2,"100":2,"101":2,"102":3},"f":{"0":2,"1":2,"2":2,"3":2,"4":4,"5":4,"6":0,"7":15,"8":13,"9":2,"10":2,"11":1,"12":7,"13":5,"14":0,"15":2,"16":2},"b":{"0":[2,2],"1":[1,1],"2":[1,0],"3":[15,0],"4":[1,14],"5":[15,14],"6":[1,0],"7":[3,11],"8":[14,13],"9":[1,2],"10":[13,12],"11":[13,1],"12":[13,0],"13":[13,0],"14":[1,1],"15":[0,1],"16":[1,0],"17":[7,0],"18":[1,6],"19":[6,0],"20":[1,5],"21":[1,4],"22":[5,5],"23":[0,1],"24":[1,4],"25":[2,2],"26":[2,0],"27":[2,0],"28":[0,2],"29":[2,0],"30":[0,2],"31":[2,0],"32":[0,2],"33":[2,0],"34":[2,0],"35":[2,0],"36":[2,0],"37":[2,0]},"_coverageSchema":"1a1c01bbd47fc00a2c39e90264f33305004495a9","hash":"52684062368950b9b900de2a42b335c2b98289cd"}
,"C:\\Users\\vojte\\Documents\\škola\\frontendové systémy\\react-shopping-list\\backend\\middlewares\\auth.js": {"path":"C:\\Users\\vojte\\Documents\\škola\\frontendové systémy\\react-shopping-list\\backend\\middlewares\\auth.js","statementMap":{"0":{"start":{"line":2,"column":12},"end":{"line":2,"column":35}},"1":{"start":{"line":4,"column":21},"end":{"line":4,"column":47}},"2":{"start":{"line":6,"column":13},"end":{"line":25,"column":1}},"3":{"start":{"line":7,"column":2},"end":{"line":15,"column":3}},"4":{"start":{"line":8,"column":4},"end":{"line":14,"column":7}},"5":{"start":{"line":16,"column":16},"end":{"line":16,"column":55}},"6":{"start":{"line":18,"column":2},"end":{"line":24,"column":3}},"7":{"start":{"line":19,"column":20},"end":{"line":19,"column":51}},"8":{"start":{"line":20,"column":4},"end":{"line":20,"column":23}},"9":{"start":{"line":21,"column":4},"end":{"line":21,"column":11}},"10":{"start":{"line":23,"column":4},"end":{"line":23,"column":63}},"11":{"start":{"line":27,"column":0},"end":{"line":27,"column":22}}},"fnMap":{"0":{"name":"(anonymous_0)","decl":{"start":{"line":6,"column":13},"end":{"line":6,"column":14}},"loc":{"start":{"line":6,"column":33},"end":{"line":25,"column":1}},"line":6}},"branchMap":{"0":{"loc":{"start":{"line":7,"column":2},"end":{"line":15,"column":3}},"type":"if","locations":[{"start":{"line":7,"column":2},"end":{"line":15,"column":3}},{"start":{},"end":{}}],"line":7}},"s":{"0":3,"1":3,"2":3,"3":38,"4":6,"5":32,"6":32,"7":32,"8":31,"9":31,"10":1,"11":3},"f":{"0":38},"b":{"0":[6,32]},"_coverageSchema":"1a1c01bbd47fc00a2c39e90264f33305004495a9","hash":"25c7c168c81a8180b5a5f5f064971a6c9b799283"}
,"C:\\Users\\vojte\\Documents\\škola\\frontendové systémy\\react-shopping-list\\backend\\validations\\lists_validations.js": {"path":"C:\\Users\\vojte\\Documents\\škola\\frontendové systémy\\react-shopping-list\\backend\\validations\\lists_validations.js","statementMap":{"0":{"start":{"line":1,"column":25},"end":{"line":1,"column":53}},"1":{"start":{"line":3,"column":28},"end":{"line":8,"column":1}},"2":{"start":{"line":10,"column":28},"end":{"line":15,"column":1}},"3":{"start":{"line":17,"column":0},"end":{"line":20,"column":2}}},"fnMap":{},"branchMap":{},"s":{"0":3,"1":3,"2":3,"3":3},"f":{},"b":{},"_coverageSchema":"1a1c01bbd47fc00a2c39e90264f33305004495a9","hash":"ec71ab31fe651fa08cae03aa1ef8d8c48f80f94c"}
,"C:\\Users\\vojte\\Documents\\škola\\frontendové systémy\\react-shopping-list\\backend\\validations\\user_validations.js": {"path":"C:\\Users\\vojte\\Documents\\škola\\frontendové systémy\\react-shopping-list\\backend\\validations\\user_validations.js","statementMap":{"0":{"start":{"line":1,"column":25},"end":{"line":1,"column":53}},"1":{"start":{"line":3,"column":23},"end":{"line":7,"column":1}},"2":{"start":{"line":9,"column":26},"end":{"line":18,"column":1}},"3":{"start":{"line":20,"column":0},"end":{"line":23,"column":2}}},"fnMap":{},"branchMap":{},"s":{"0":3,"1":3,"2":3,"3":3},"f":{},"b":{},"_coverageSchema":"1a1c01bbd47fc00a2c39e90264f33305004495a9","hash":"d5567d0996bee14b43a7fd3cd2a1f41dfdc053a7"}
}
