TN:
SF:main.js
FN:25,(anonymous_0)
FN:34,(anonymous_1)
FNF:2
FNH:1
FNDA:1,(anonymous_0)
FNDA:0,(anonymous_1)
DA:1,3
DA:2,3
DA:3,3
DA:4,3
DA:5,3
DA:6,3
DA:7,3
DA:9,3
DA:10,3
DA:12,3
DA:13,3
DA:14,3
DA:16,3
DA:18,3
DA:20,3
DA:22,3
DA:23,3
DA:25,3
DA:26,1
DA:29,3
DA:30,3
DA:32,3
DA:34,0
DA:35,0
DA:36,0
DA:38,0
DA:42,3
LF:27
LH:23
BRDA:30,0,0,3
BRDA:30,0,1,0
BRDA:32,1,0,0
BRDA:32,1,1,3
BRF:4
BRH:2
end_of_record
TN:
SF:db\lists.js
FN:15,getActiveLists
FN:29,getArchivedLists
FN:43,getSharedLists
FN:57,getList
FN:69,deleteList
FN:81,updateList
FN:96,createList
FNF:7
FNH:7
FNDA:2,getActiveLists
FNDA:2,getArchivedLists
FNDA:2,getSharedLists
FNDA:13,getList
FNDA:1,deleteList
FNDA:2,updateList
FNDA:13,createList
DA:1,3
DA:2,3
DA:4,3
DA:6,3
DA:7,3
DA:8,3
DA:10,3
DA:12,3
DA:13,3
DA:16,2
DA:17,2
DA:18,2
DA:21,2
DA:23,0
DA:25,2
DA:30,2
DA:31,2
DA:32,2
DA:35,2
DA:37,0
DA:39,2
DA:44,2
DA:45,2
DA:46,2
DA:49,2
DA:51,0
DA:53,2
DA:58,13
DA:59,13
DA:60,13
DA:61,10
DA:63,3
DA:65,13
DA:70,1
DA:71,1
DA:72,1
DA:73,1
DA:75,0
DA:77,1
DA:82,2
DA:83,2
DA:84,2
DA:88,2
DA:90,0
DA:92,2
DA:97,13
DA:98,13
DA:99,13
DA:100,13
DA:102,0
DA:104,13
DA:108,3
LF:52
LH:46
BRF:0
BRH:0
end_of_record
TN:
SF:db\users.js
FN:14,getUserByEmail
FN:26,createUser
FNF:2
FNH:2
FNDA:27,getUserByEmail
FNDA:23,createUser
DA:1,3
DA:2,3
DA:3,3
DA:5,3
DA:6,3
DA:7,3
DA:9,3
DA:11,3
DA:12,3
DA:15,27
DA:16,27
DA:17,27
DA:18,27
DA:20,0
DA:22,27
DA:27,23
DA:28,23
DA:29,23
DA:30,23
DA:32,0
DA:34,23
DA:38,3
LF:22
LH:20
BRF:0
BRH:0
end_of_record
TN:
SF:endpoints\auth.js
FN:21,withoutProperty
FN:27,(anonymous_1)
FN:31,(anonymous_2)
FN:36,(anonymous_3)
FN:39,(anonymous_4)
FN:66,(anonymous_5)
FN:71,(anonymous_6)
FN:78,(anonymous_7)
FN:91,(anonymous_8)
FNF:9
FNH:9
FNDA:24,withoutProperty
FNDA:1,(anonymous_1)
FNDA:6,(anonymous_2)
FNDA:3,(anonymous_3)
FNDA:2,(anonymous_4)
FNDA:30,(anonymous_5)
FNDA:24,(anonymous_6)
FNDA:23,(anonymous_7)
FNDA:23,(anonymous_8)
DA:1,3
DA:2,3
DA:3,3
DA:4,3
DA:8,3
DA:10,3
DA:11,3
DA:12,3
DA:13,3
DA:15,3
DA:16,3
DA:18,3
DA:19,3
DA:22,24
DA:24,24
DA:27,3
DA:28,1
DA:31,3
DA:32,6
DA:33,6
DA:34,3
DA:36,3
DA:37,3
DA:39,2
DA:40,2
DA:42,1
DA:43,1
DA:48,1
DA:49,1
DA:51,1
DA:56,1
DA:60,3
DA:66,3
DA:67,30
DA:68,30
DA:69,24
DA:71,24
DA:72,24
DA:73,1
DA:78,23
DA:81,23
DA:87,23
DA:88,23
DA:91,23
DA:93,23
DA:102,23
DA:103,23
DA:109,6
DA:113,3
LF:49
LH:49
BRDA:18,0,0,3
BRDA:18,0,1,0
BRDA:19,1,0,3
BRDA:19,1,1,0
BRDA:33,2,0,3
BRDA:33,2,1,3
BRDA:37,3,0,2
BRDA:37,3,1,1
BRDA:40,4,0,1
BRDA:40,4,1,1
BRDA:68,5,0,24
BRDA:68,5,1,6
BRDA:72,6,0,1
BRDA:72,6,1,23
BRF:14
BRH:12
end_of_record
TN:
SF:endpoints\list.js
FN:23,(anonymous_0)
FN:24,(anonymous_1)
FN:25,(anonymous_2)
FN:26,(anonymous_3)
FN:38,(anonymous_4)
FN:42,(anonymous_5)
FN:49,(anonymous_6)
FN:62,(anonymous_7)
FN:119,(anonymous_8)
FN:129,(anonymous_9)
FN:133,(anonymous_10)
FN:143,(anonymous_11)
FN:151,(anonymous_12)
FN:200,(anonymous_13)
FN:207,(anonymous_14)
FN:250,(anonymous_15)
FN:252,(anonymous_16)
FNF:17
FNH:15
FNDA:2,(anonymous_0)
FNDA:2,(anonymous_1)
FNDA:2,(anonymous_2)
FNDA:2,(anonymous_3)
FNDA:4,(anonymous_4)
FNDA:4,(anonymous_5)
FNDA:0,(anonymous_6)
FNDA:15,(anonymous_7)
FNDA:13,(anonymous_8)
FNDA:2,(anonymous_9)
FNDA:2,(anonymous_10)
FNDA:1,(anonymous_11)
FNDA:7,(anonymous_12)
FNDA:5,(anonymous_13)
FNDA:0,(anonymous_14)
FNDA:2,(anonymous_15)
FNDA:2,(anonymous_16)
DA:1,3
DA:2,3
DA:3,3
DA:4,3
DA:5,3
DA:9,3
DA:19,3
DA:21,3
DA:23,3
DA:24,2
DA:25,2
DA:26,2
DA:27,2
DA:32,2
DA:38,3
DA:39,4
DA:42,4
DA:43,4
DA:44,2
DA:47,2
DA:48,1
DA:49,0
DA:52,1
DA:54,0
DA:57,1
DA:62,3
DA:63,15
DA:64,15
DA:65,15
DA:69,15
DA:70,1
DA:79,1
DA:81,1
DA:82,1
DA:88,14
DA:89,3
DA:96,3
DA:98,3
DA:99,1
DA:105,13
DA:119,13
DA:120,13
DA:121,13
DA:125,0
DA:129,3
DA:130,2
DA:133,2
DA:134,2
DA:135,1
DA:139,1
DA:140,0
DA:143,1
DA:144,1
DA:145,1
DA:151,3
DA:152,7
DA:153,7
DA:154,7
DA:156,7
DA:157,1
DA:160,6
DA:161,6
DA:168,6
DA:170,6
DA:172,6
DA:173,1
DA:179,5
DA:180,1
DA:187,1
DA:189,1
DA:190,0
DA:196,5
DA:198,5
DA:200,5
DA:201,5
DA:202,1
DA:205,4
DA:206,2
DA:207,0
DA:210,2
DA:213,2
DA:216,2
DA:217,2
DA:218,0
DA:222,2
DA:223,2
DA:224,0
DA:228,2
DA:229,2
DA:230,0
DA:234,2
DA:236,2
DA:237,2
DA:240,2
DA:243,2
DA:246,2
DA:247,2
DA:248,2
DA:250,2
DA:251,2
DA:252,2
DA:253,2
DA:261,3
LF:103
LH:94
BRDA:43,0,0,2
BRDA:43,0,1,2
BRDA:47,1,0,1
BRDA:47,1,1,1
BRDA:48,2,0,1
BRDA:48,2,1,0
BRDA:64,3,0,15
BRDA:64,3,1,0
BRDA:69,4,0,1
BRDA:69,4,1,14
BRDA:69,5,0,15
BRDA:69,5,1,14
BRDA:81,6,0,1
BRDA:81,6,1,0
BRDA:88,7,0,3
BRDA:88,7,1,11
BRDA:88,8,0,14
BRDA:88,8,1,13
BRDA:98,9,0,1
BRDA:98,9,1,2
BRDA:114,10,0,13
BRDA:114,10,1,12
BRDA:115,11,0,13
BRDA:115,11,1,1
BRDA:116,12,0,13
BRDA:116,12,1,0
BRDA:120,13,0,13
BRDA:120,13,1,0
BRDA:134,14,0,1
BRDA:134,14,1,1
BRDA:139,15,0,0
BRDA:139,15,1,1
BRDA:144,16,0,1
BRDA:144,16,1,0
BRDA:153,17,0,7
BRDA:153,17,1,0
BRDA:156,18,0,1
BRDA:156,18,1,6
BRDA:160,19,0,6
BRDA:160,19,1,0
BRDA:172,20,0,1
BRDA:172,20,1,5
BRDA:179,21,0,1
BRDA:179,21,1,4
BRDA:179,22,0,5
BRDA:179,22,1,5
BRDA:189,23,0,0
BRDA:189,23,1,1
BRDA:201,24,0,1
BRDA:201,24,1,4
BRDA:205,25,0,2
BRDA:205,25,1,2
BRDA:206,26,0,2
BRDA:206,26,1,0
BRDA:216,27,0,2
BRDA:216,27,1,0
BRDA:217,28,0,0
BRDA:217,28,1,2
BRDA:222,29,0,2
BRDA:222,29,1,0
BRDA:223,30,0,0
BRDA:223,30,1,2
BRDA:228,31,0,2
BRDA:228,31,1,0
BRDA:229,32,0,0
BRDA:229,32,1,2
BRDA:236,33,0,2
BRDA:236,33,1,0
BRDA:237,34,0,2
BRDA:237,34,1,0
BRDA:240,35,0,2
BRDA:240,35,1,0
BRDA:243,36,0,2
BRDA:243,36,1,0
BRDA:251,37,0,2
BRDA:251,37,1,0
BRF:76
BRH:54
end_of_record
TN:
SF:middlewares\auth.js
FN:6,(anonymous_0)
FNF:1
FNH:1
FNDA:38,(anonymous_0)
DA:2,3
DA:4,3
DA:6,3
DA:7,38
DA:8,6
DA:16,32
DA:18,32
DA:19,32
DA:20,31
DA:21,31
DA:23,1
DA:27,3
LF:12
LH:12
BRDA:7,0,0,6
BRDA:7,0,1,32
BRF:2
BRH:2
end_of_record
TN:
SF:validations\lists_validations.js
FNF:0
FNH:0
DA:1,3
DA:3,3
DA:10,3
DA:17,3
LF:4
LH:4
BRF:0
BRH:0
end_of_record
TN:
SF:validations\user_validations.js
FNF:0
FNH:0
DA:1,3
DA:3,3
DA:9,3
DA:20,3
LF:4
LH:4
BRF:0
BRH:0
end_of_record
