TN:
SF:main.js
FN:25,(anonymous_0)
FN:34,(anonymous_1)
FNF:2
FNH:1
FNDA:1,(anonymous_0)
FNDA:0,(anonymous_1)
DA:1,3
DA:2,3
DA:3,3
DA:4,3
DA:5,3
DA:6,3
DA:7,3
DA:9,3
DA:10,3
DA:12,3
DA:13,3
DA:14,3
DA:16,3
DA:18,3
DA:20,3
DA:22,3
DA:23,3
DA:25,3
DA:26,1
DA:29,3
DA:30,3
DA:32,3
DA:34,0
DA:35,0
DA:36,0
DA:38,0
DA:42,3
LF:27
LH:23
BRDA:30,0,0,3
BRDA:30,0,1,0
BRDA:32,1,0,0
BRDA:32,1,1,3
BRF:4
BRH:2
end_of_record
TN:
SF:db\lists.js
FN:15,getActiveLists
FN:29,getArchivedLists
FN:43,getSharedLists
FN:57,getList
FN:69,deleteList
FN:81,updateList
FN:96,createList
FNF:7
FNH:7
FNDA:2,getActiveLists
FNDA:2,getArchivedLists
FNDA:2,getSharedLists
FNDA:9,getList
FNDA:1,deleteList
FNDA:1,updateList
FNDA:8,createList
DA:1,3
DA:2,3
DA:4,3
DA:6,3
DA:7,3
DA:8,3
DA:10,3
DA:12,3
DA:13,3
DA:16,2
DA:17,2
DA:18,2
DA:21,2
DA:23,0
DA:25,2
DA:30,2
DA:31,2
DA:32,2
DA:35,2
DA:37,0
DA:39,2
DA:44,2
DA:45,2
DA:46,2
DA:49,2
DA:51,0
DA:53,2
DA:58,9
DA:59,9
DA:60,9
DA:61,6
DA:63,3
DA:65,9
DA:70,1
DA:71,1
DA:72,1
DA:73,1
DA:75,0
DA:77,1
DA:82,1
DA:83,1
DA:84,1
DA:88,1
DA:90,0
DA:92,1
DA:97,8
DA:98,8
DA:99,8
DA:100,8
DA:102,0
DA:104,8
DA:108,3
LF:52
LH:46
BRF:0
BRH:0
end_of_record
TN:
SF:db\users.js
FN:14,getUserByEmail
FN:26,createUser
FNF:2
FNH:2
FNDA:17,getUserByEmail
FNDA:13,createUser
DA:1,3
DA:2,3
DA:3,3
DA:5,3
DA:6,3
DA:7,3
DA:9,3
DA:11,3
DA:12,3
DA:15,17
DA:16,17
DA:17,17
DA:18,17
DA:20,0
DA:22,17
DA:27,13
DA:28,13
DA:29,13
DA:30,13
DA:32,0
DA:34,13
DA:38,3
LF:22
LH:20
BRF:0
BRH:0
end_of_record
TN:
SF:endpoints\auth.js
FN:21,withoutProperty
FN:27,(anonymous_1)
FN:31,(anonymous_2)
FN:36,(anonymous_3)
FN:39,(anonymous_4)
FN:66,(anonymous_5)
FN:71,(anonymous_6)
FN:78,(anonymous_7)
FN:91,(anonymous_8)
FNF:9
FNH:9
FNDA:14,withoutProperty
FNDA:1,(anonymous_1)
FNDA:6,(anonymous_2)
FNDA:3,(anonymous_3)
FNDA:2,(anonymous_4)
FNDA:20,(anonymous_5)
FNDA:14,(anonymous_6)
FNDA:13,(anonymous_7)
FNDA:13,(anonymous_8)
DA:1,3
DA:2,3
DA:3,3
DA:4,3
DA:8,3
DA:10,3
DA:11,3
DA:12,3
DA:13,3
DA:15,3
DA:16,3
DA:18,3
DA:19,3
DA:22,14
DA:24,14
DA:27,3
DA:28,1
DA:31,3
DA:32,6
DA:33,6
DA:34,3
DA:36,3
DA:37,3
DA:39,2
DA:40,2
DA:42,1
DA:43,1
DA:48,1
DA:49,1
DA:51,1
DA:56,1
DA:60,3
DA:66,3
DA:67,20
DA:68,20
DA:69,14
DA:71,14
DA:72,14
DA:73,1
DA:78,13
DA:81,13
DA:87,13
DA:88,13
DA:91,13
DA:93,13
DA:102,13
DA:103,13
DA:109,6
DA:113,3
LF:49
LH:49
BRDA:18,0,0,3
BRDA:18,0,1,0
BRDA:19,1,0,3
BRDA:19,1,1,0
BRDA:33,2,0,3
BRDA:33,2,1,3
BRDA:37,3,0,2
BRDA:37,3,1,1
BRDA:40,4,0,1
BRDA:40,4,1,1
BRDA:68,5,0,14
BRDA:68,5,1,6
BRDA:72,6,0,1
BRDA:72,6,1,13
BRF:14
BRH:12
end_of_record
TN:
SF:endpoints\list.js
FN:23,(anonymous_0)
FN:24,(anonymous_1)
FN:25,(anonymous_2)
FN:26,(anonymous_3)
FN:38,(anonymous_4)
FN:42,(anonymous_5)
FN:49,(anonymous_6)
FN:62,(anonymous_7)
FN:81,(anonymous_8)
FN:93,(anonymous_9)
FN:97,(anonymous_10)
FN:107,(anonymous_11)
FN:117,(anonymous_12)
FN:124,(anonymous_13)
FN:131,(anonymous_14)
FN:153,(anonymous_15)
FN:155,(anonymous_16)
FNF:17
FNH:15
FNDA:2,(anonymous_0)
FNDA:2,(anonymous_1)
FNDA:2,(anonymous_2)
FNDA:2,(anonymous_3)
FNDA:4,(anonymous_4)
FNDA:4,(anonymous_5)
FNDA:0,(anonymous_6)
FNDA:8,(anonymous_7)
FNDA:8,(anonymous_8)
FNDA:2,(anonymous_9)
FNDA:2,(anonymous_10)
FNDA:1,(anonymous_11)
FNDA:2,(anonymous_12)
FNDA:2,(anonymous_13)
FNDA:0,(anonymous_14)
FNDA:1,(anonymous_15)
FNDA:1,(anonymous_16)
DA:1,3
DA:2,3
DA:3,3
DA:4,3
DA:9,3
DA:19,3
DA:21,3
DA:23,3
DA:24,2
DA:25,2
DA:26,2
DA:27,2
DA:32,2
DA:38,3
DA:39,4
DA:42,4
DA:43,4
DA:44,2
DA:47,2
DA:48,1
DA:49,0
DA:52,1
DA:54,0
DA:57,1
DA:62,3
DA:63,8
DA:64,8
DA:65,8
DA:67,8
DA:81,8
DA:82,8
DA:83,8
DA:85,0
DA:89,0
DA:93,3
DA:94,2
DA:97,2
DA:98,2
DA:99,1
DA:103,1
DA:104,0
DA:107,1
DA:108,1
DA:109,1
DA:111,0
DA:117,3
DA:118,2
DA:119,2
DA:120,2
DA:122,2
DA:124,2
DA:125,2
DA:126,1
DA:129,1
DA:130,0
DA:131,0
DA:134,0
DA:137,1
DA:139,1
DA:140,1
DA:143,1
DA:146,1
DA:149,1
DA:150,1
DA:151,1
DA:153,1
DA:154,1
DA:155,1
DA:156,1
DA:159,0
DA:164,0
DA:168,3
LF:72
LH:61
BRDA:43,0,0,2
BRDA:43,0,1,2
BRDA:47,1,0,1
BRDA:47,1,1,1
BRDA:48,2,0,1
BRDA:48,2,1,0
BRDA:64,3,0,8
BRDA:64,3,1,0
BRDA:76,4,0,8
BRDA:76,4,1,7
BRDA:77,5,0,8
BRDA:77,5,1,1
BRDA:78,6,0,8
BRDA:78,6,1,0
BRDA:82,7,0,8
BRDA:82,7,1,0
BRDA:98,8,0,1
BRDA:98,8,1,1
BRDA:103,9,0,0
BRDA:103,9,1,1
BRDA:108,10,0,1
BRDA:108,10,1,0
BRDA:119,11,0,2
BRDA:119,11,1,0
BRDA:125,12,0,1
BRDA:125,12,1,1
BRDA:129,13,0,0
BRDA:129,13,1,1
BRDA:130,14,0,0
BRDA:130,14,1,0
BRDA:139,15,0,1
BRDA:139,15,1,0
BRDA:140,16,0,1
BRDA:140,16,1,0
BRDA:143,17,0,1
BRDA:143,17,1,0
BRDA:146,18,0,1
BRDA:146,18,1,0
BRDA:154,19,0,1
BRDA:154,19,1,0
BRF:40
BRH:25
end_of_record
TN:
SF:middlewares\auth.js
FN:6,(anonymous_0)
FNF:1
FNH:1
FNDA:26,(anonymous_0)
DA:2,3
DA:4,3
DA:6,3
DA:7,26
DA:8,6
DA:16,20
DA:18,20
DA:19,20
DA:20,19
DA:21,19
DA:23,1
DA:27,3
LF:12
LH:12
BRDA:7,0,0,6
BRDA:7,0,1,20
BRF:2
BRH:2
end_of_record
TN:
SF:validations\lists_validations.js
FNF:0
FNH:0
DA:1,3
DA:3,3
DA:7,3
DA:15,3
DA:23,3
LF:5
LH:5
BRF:0
BRH:0
end_of_record
TN:
SF:validations\user_validations.js
FNF:0
FNH:0
DA:1,3
DA:3,3
DA:9,3
DA:20,3
LF:4
LH:4
BRF:0
BRH:0
end_of_record
